{"numTotalTestSuites":125,"numPassedTestSuites":125,"numFailedTestSuites":0,"numPendingTestSuites":0,"numTotalTests":264,"numPassedTests":259,"numFailedTests":0,"numPendingTests":5,"numTodoTests":0,"snapshot":{"added":0,"failure":false,"filesAdded":0,"filesRemoved":0,"filesRemovedList":[],"filesUnmatched":0,"filesUpdated":0,"matched":0,"total":0,"unchecked":0,"uncheckedKeysByFile":[],"unmatched":0,"updated":0,"didUpdate":false},"startTime":1783429480776,"success":true,"testResults":[{"assertionResults":[{"ancestorTitles":["Blogger Import Module","add_imported_blog_posts"],"fullName":"Blogger Import Module add_imported_blog_posts should fetch and process blog posts","status":"passed","title":"should fetch and process blog posts","duration":6.521337000000017,"failureMessages":[],"meta":{}},{"ancestorTitles":["Blogger Import Module","add_eulogy_roles"],"fullName":"Blogger Import Module add_eulogy_roles should fetch and process eulogy roles","status":"passed","title":"should fetch and process eulogy roles","duration":0.8741999999999734,"failureMessages":[],"meta":{}},{"ancestorTitles":["Blogger Import Module","html_for_role"],"fullName":"Blogger Import Module html_for_role should generate HTML for a role","status":"passed","title":"should generate HTML for a role","duration":0.7569829999999911,"failureMessages":[],"meta":{}}],"startTime":1783429486044,"endTime":1783429486051.757,"status":"passed","message":"","name":"/home/runner/work/blog7/blog7/src/__tests__/blogger_import.test.ts"},{"assertionResults":[{"ancestorTitles":["dev-info","isDevServer"],"fullName":"dev-info isDevServer should return true for localhost","status":"passed","title":"should return true for localhost","duration":1.5165799999999763,"failureMessages":[],"meta":{}},{"ancestorTitles":["dev-info","isDevServer"],"fullName":"dev-info isDevServer should return true for 127.0.0.1","status":"passed","title":"should return true for 127.0.0.1","duration":0.21007199999996828,"failureMessages":[],"meta":{}},{"ancestorTitles":["dev-info","isDevServer"],"fullName":"dev-info isDevServer should return false for production domain","status":"passed","title":"should return false for production domain","duration":0.263170999999943,"failureMessages":[],"meta":{}},{"ancestorTitles":["dev-info","getCurrentPort"],"fullName":"dev-info getCurrentPort should return port when specified","status":"passed","title":"should return port when specified","duration":0.3426090000000386,"failureMessages":[],"meta":{}},{"ancestorTitles":["dev-info","getCurrentPort"],"fullName":"dev-info getCurrentPort should return 80 when no port specified","status":"passed","title":"should return 80 when no port specified","duration":0.2658759999999347,"failureMessages":[],"meta":{}},{"ancestorTitles":["dev-info","getCurrentPort"],"fullName":"dev-info getCurrentPort should return 4000 for Jekyll default","status":"passed","title":"should return 4000 for Jekyll default","duration":0.1884420000000091,"failureMessages":[],"meta":{}},{"ancestorTitles":["dev-info","getCurrentPR"],"fullName":"dev-info getCurrentPR should return PR number when global variable is set","status":"passed","title":"should return PR number when global variable is set","duration":1.7440740000000687,"failureMessages":[],"meta":{}},{"ancestorTitles":["dev-info","getCurrentPR"],"fullName":"dev-info getCurrentPR should return null when PR is not set","status":"passed","title":"should return null when PR is not set","duration":0.3166909999999916,"failureMessages":[],"meta":{}},{"ancestorTitles":["dev-info","getCurrentPR"],"fullName":"dev-info getCurrentPR should return null when PR is not a number","status":"passed","title":"should return null when PR is not a number","duration":0.43970999999999094,"failureMessages":[],"meta":{}}],"startTime":1783429486428,"endTime":1783429486434.4397,"status":"passed","message":"","name":"/home/runner/work/blog7/blog7/src/__tests__/dev-info.test.ts"},{"assertionResults":[{"ancestorTitles":["DOM Helper Functions","toggleClass"],"fullName":"DOM Helper Functions toggleClass should toggle a class on an element when using a selector","status":"passed","title":"should toggle a class on an element when using a selector","duration":10.969873000000007,"failureMessages":[],"meta":{}},{"ancestorTitles":["DOM Helper Functions","toggleClass"],"fullName":"DOM Helper Functions toggleClass should toggle a class on an element when using an element reference","status":"passed","title":"should toggle a class on an element when using an element reference","duration":1.700003000000038,"failureMessages":[],"meta":{}},{"ancestorTitles":["DOM Helper Functions","toggleClass"],"fullName":"DOM Helper Functions toggleClass should add a class when force parameter is true","status":"passed","title":"should add a class when force parameter is true","duration":3.610492000000022,"failureMessages":[],"meta":{}},{"ancestorTitles":["DOM Helper Functions","toggleClass"],"fullName":"DOM Helper Functions toggleClass should remove a class when force parameter is false","status":"passed","title":"should remove a class when force parameter is false","duration":4.496741000000043,"failureMessages":[],"meta":{}},{"ancestorTitles":["DOM Helper Functions","toggleClass"],"fullName":"DOM Helper Functions toggleClass should return null when element is not found","status":"passed","title":"should return null when element is not found","duration":0.8318380000000616,"failureMessages":[],"meta":{}},{"ancestorTitles":["DOM Helper Functions","createElement"],"fullName":"DOM Helper Functions createElement should create an element with the specified tag","status":"passed","title":"should create an element with the specified tag","duration":2.931110999999987,"failureMessages":[],"meta":{}},{"ancestorTitles":["DOM Helper Functions","createElement"],"fullName":"DOM Helper Functions createElement should set attributes on the created element","status":"passed","title":"should set attributes on the created element","duration":2.0561010000000124,"failureMessages":[],"meta":{}},{"ancestorTitles":["DOM Helper Functions","createElement"],"fullName":"DOM Helper Functions createElement should append text children to the element","status":"passed","title":"should append text children to the element","duration":1.0393060000000105,"failureMessages":[],"meta":{}},{"ancestorTitles":["DOM Helper Functions","createElement"],"fullName":"DOM Helper Functions createElement should append node children to the element","status":"passed","title":"should append node children to the element","duration":1.264218000000028,"failureMessages":[],"meta":{}},{"ancestorTitles":["DOM Helper Functions","createElement"],"fullName":"DOM Helper Functions createElement should handle mixed text and node children","status":"passed","title":"should handle mixed text and node children","duration":1.3710079999999607,"failureMessages":[],"meta":{}},{"ancestorTitles":["DOM Helper Functions","findClosestParent"],"fullName":"DOM Helper Functions findClosestParent should find the immediate parent element matching a selector","status":"passed","title":"should find the immediate parent element matching a selector","duration":1.6024899999999889,"failureMessages":[],"meta":{}},{"ancestorTitles":["DOM Helper Functions","findClosestParent"],"fullName":"DOM Helper Functions findClosestParent should find a distant parent element matching a selector","status":"passed","title":"should find a distant parent element matching a selector","duration":1.8354170000000067,"failureMessages":[],"meta":{}},{"ancestorTitles":["DOM Helper Functions","findClosestParent"],"fullName":"DOM Helper Functions findClosestParent should find a parent element by class selector","status":"passed","title":"should find a parent element by class selector","duration":1.2260459999999966,"failureMessages":[],"meta":{}},{"ancestorTitles":["DOM Helper Functions","findClosestParent"],"fullName":"DOM Helper Functions findClosestParent should return null when no matching parent is found","status":"passed","title":"should return null when no matching parent is found","duration":1.459824000000026,"failureMessages":[],"meta":{}}],"startTime":1783429483500,"endTime":1783429483537.4597,"status":"passed","message":"","name":"/home/runner/work/blog7/blog7/src/__tests__/dom-helpers.test.ts"},{"assertionResults":[{"ancestorTitles":["FeaturedCollapseManager","initialization"],"fullName":"FeaturedCollapseManager initialization should initialize successfully when elements exist","status":"passed","title":"should initialize successfully when elements exist","duration":11.377136000000064,"failureMessages":[],"meta":{}},{"ancestorTitles":["FeaturedCollapseManager","initialization"],"fullName":"FeaturedCollapseManager initialization should return false when button element is missing","status":"passed","title":"should return false when button element is missing","duration":4.138940000000048,"failureMessages":[],"meta":{}},{"ancestorTitles":["FeaturedCollapseManager","initialization"],"fullName":"FeaturedCollapseManager initialization should return false when content element is missing","status":"passed","title":"should return false when content element is missing","duration":1.820559000000003,"failureMessages":[],"meta":{}},{"ancestorTitles":["FeaturedCollapseManager","initialization"],"fullName":"FeaturedCollapseManager initialization should warn when elements are not found","status":"passed","title":"should warn when elements are not found","duration":4.0876539999999295,"failureMessages":[],"meta":{}},{"ancestorTitles":["FeaturedCollapseManager","state management"],"fullName":"FeaturedCollapseManager state management should start in expanded state","status":"passed","title":"should start in expanded state","duration":1.7941600000000335,"failureMessages":[],"meta":{}},{"ancestorTitles":["FeaturedCollapseManager","state management"],"fullName":"FeaturedCollapseManager state management should toggle to collapsed state","status":"passed","title":"should toggle to collapsed state","duration":3.2574899999999616,"failureMessages":[],"meta":{}},{"ancestorTitles":["FeaturedCollapseManager","state management"],"fullName":"FeaturedCollapseManager state management should toggle back to expanded state","status":"passed","title":"should toggle back to expanded state","duration":2.646755999999982,"failureMessages":[],"meta":{}},{"ancestorTitles":["FeaturedCollapseManager","state management"],"fullName":"FeaturedCollapseManager state management should collapse directly","status":"passed","title":"should collapse directly","duration":1.3011569999999892,"failureMessages":[],"meta":{}},{"ancestorTitles":["FeaturedCollapseManager","state management"],"fullName":"FeaturedCollapseManager state management should expand directly","status":"passed","title":"should expand directly","duration":1.7956930000000284,"failureMessages":[],"meta":{}},{"ancestorTitles":["FeaturedCollapseManager","click handling"],"fullName":"FeaturedCollapseManager click handling should toggle state on button click","status":"passed","title":"should toggle state on button click","duration":2.0464320000000953,"failureMessages":[],"meta":{}},{"ancestorTitles":["FeaturedCollapseManager","click handling"],"fullName":"FeaturedCollapseManager click handling should prevent default action on click","status":"passed","title":"should prevent default action on click","duration":1.302679000000012,"failureMessages":[],"meta":{}},{"ancestorTitles":["FeaturedCollapseManager","click handling"],"fullName":"FeaturedCollapseManager click handling should handle multiple clicks correctly","status":"passed","title":"should handle multiple clicks correctly","duration":3.1151930000000903,"failureMessages":[],"meta":{}},{"ancestorTitles":["FeaturedCollapseManager","helper methods"],"fullName":"FeaturedCollapseManager helper methods should return elements via getElements","status":"passed","title":"should return elements via getElements","duration":0.8425379999999905,"failureMessages":[],"meta":{}},{"ancestorTitles":["FeaturedCollapseManager","helper methods"],"fullName":"FeaturedCollapseManager helper methods should return state copy via getState","status":"passed","title":"should return state copy via getState","duration":1.3099429999999757,"failureMessages":[],"meta":{}},{"ancestorTitles":["FeaturedCollapseManager","setupFeaturedCollapse helper"],"fullName":"FeaturedCollapseManager setupFeaturedCollapse helper should return manager when elements exist","status":"passed","title":"should return manager when elements exist","duration":1.1393330000000788,"failureMessages":[],"meta":{}},{"ancestorTitles":["FeaturedCollapseManager","setupFeaturedCollapse helper"],"fullName":"FeaturedCollapseManager setupFeaturedCollapse helper should return null when elements do not exist","status":"passed","title":"should return null when elements do not exist","duration":1.0882780000000594,"failureMessages":[],"meta":{}},{"ancestorTitles":["FeaturedCollapseManager","custom element IDs"],"fullName":"FeaturedCollapseManager custom element IDs should work with custom button and content IDs","status":"passed","title":"should work with custom button and content IDs","duration":1.5763819999999669,"failureMessages":[],"meta":{}},{"ancestorTitles":["FeaturedCollapseManager","edge cases"],"fullName":"FeaturedCollapseManager edge cases should handle updateUI gracefully when elements are missing","status":"passed","title":"should handle updateUI gracefully when elements are missing","duration":1.740528999999924,"failureMessages":[],"meta":{}},{"ancestorTitles":["FeaturedCollapseManager","edge cases"],"fullName":"FeaturedCollapseManager edge cases should maintain state even when UI update fails","status":"passed","title":"should maintain state even when UI update fails","duration":0.8854479999999967,"failureMessages":[],"meta":{}},{"ancestorTitles":["FeaturedCollapseManager","localStorage persistence"],"fullName":"FeaturedCollapseManager localStorage persistence should save collapsed state to localStorage","status":"passed","title":"should save collapsed state to localStorage","duration":0.7129560000000765,"failureMessages":[],"meta":{}},{"ancestorTitles":["FeaturedCollapseManager","localStorage persistence"],"fullName":"FeaturedCollapseManager localStorage persistence should save expanded state to localStorage","status":"passed","title":"should save expanded state to localStorage","duration":0.9147130000000061,"failureMessages":[],"meta":{}},{"ancestorTitles":["FeaturedCollapseManager","localStorage persistence"],"fullName":"FeaturedCollapseManager localStorage persistence should load collapsed state from localStorage on initialization","status":"passed","title":"should load collapsed state from localStorage on initialization","duration":0.9881200000000945,"failureMessages":[],"meta":{}},{"ancestorTitles":["FeaturedCollapseManager","localStorage persistence"],"fullName":"FeaturedCollapseManager localStorage persistence should load expanded state from localStorage on initialization","status":"passed","title":"should load expanded state from localStorage on initialization","duration":0.8131520000000592,"failureMessages":[],"meta":{}},{"ancestorTitles":["FeaturedCollapseManager","localStorage persistence"],"fullName":"FeaturedCollapseManager localStorage persistence should handle localStorage errors gracefully","status":"passed","title":"should handle localStorage errors gracefully","duration":1.1242050000000745,"failureMessages":[],"meta":{}},{"ancestorTitles":["FeaturedCollapseManager","localStorage persistence"],"fullName":"FeaturedCollapseManager localStorage persistence should clear saved state","status":"passed","title":"should clear saved state","duration":0.8038359999999329,"failureMessages":[],"meta":{}},{"ancestorTitles":["FeaturedCollapseManager","localStorage persistence"],"fullName":"FeaturedCollapseManager localStorage persistence should use custom storage key when provided","status":"passed","title":"should use custom storage key when provided","duration":0.7168120000000044,"failureMessages":[],"meta":{}}],"startTime":1783429482663,"endTime":1783429482717.7168,"status":"passed","message":"","name":"/home/runner/work/blog7/blog7/src/__tests__/featured-collapse.test.ts"},{"assertionResults":[{"ancestorTitles":["Featured Posts","Homepage Featured Posts"],"fullName":"Featured Posts Homepage Featured Posts should fetch featured posts from backlinks data","status":"passed","title":"should fetch featured posts from backlinks data","duration":2.847472000000039,"failureMessages":[],"meta":{}},{"ancestorTitles":["Featured Posts","Homepage Featured Posts"],"fullName":"Featured Posts Homepage Featured Posts should fetch from backlinks instead of Algolia search","status":"passed","title":"should fetch from backlinks instead of Algolia search","duration":1.6434459999999262,"failureMessages":[],"meta":{}},{"ancestorTitles":["Featured Posts","Homepage Featured Posts"],"fullName":"Featured Posts Homepage Featured Posts should truncate long descriptions to 150 characters","status":"passed","title":"should truncate long descriptions to 150 characters","duration":0.7151740000000473,"failureMessages":[],"meta":{}},{"ancestorTitles":["Featured Posts","Featured Page Data Structure"],"fullName":"Featured Posts Featured Page Data Structure should have correct data structure for featured.yml","status":"passed","title":"should have correct data structure for featured.yml","duration":4.001035000000002,"failureMessages":[],"meta":{}},{"ancestorTitles":["Featured Posts","Featured Page Data Structure"],"fullName":"Featured Posts Featured Page Data Structure should render featured posts fetched from backlinks","status":"passed","title":"should render featured posts fetched from backlinks","duration":0.675269999999955,"failureMessages":[],"meta":{}}],"startTime":1783429485853,"endTime":1783429485863.6753,"status":"passed","message":"","name":"/home/runner/work/blog7/blog7/src/__tests__/featured-posts.test.ts"},{"assertionResults":[{"ancestorTitles":["get_link_info"],"fullName":"get_link_info should fetch link info from local path when not in production","status":"passed","title":"should fetch link info from local path when not in production","duration":6.497847999999976,"failureMessages":[],"meta":{}},{"ancestorTitles":["get_link_info"],"fullName":"get_link_info should fetch link info from GitHub when in production","status":"passed","title":"should fetch link info from GitHub when in production","duration":2.111654000000044,"failureMessages":[],"meta":{}},{"ancestorTitles":["get_link_info"],"fullName":"get_link_info should handle fetch errors gracefully","status":"passed","title":"should handle fetch errors gracefully","duration":2.2392030000000887,"failureMessages":[],"meta":{}},{"ancestorTitles":["get_link_info"],"fullName":"get_link_info should cache responses and not make additional requests","status":"passed","title":"should cache responses and not make additional requests","duration":1.8927850000000035,"failureMessages":[],"meta":{}}],"startTime":1783429485094,"endTime":1783429485106.8928,"status":"passed","message":"","name":"/home/runner/work/blog7/blog7/src/__tests__/get-link-info.test.ts"},{"assertionResults":[{"ancestorTitles":["Graph Module"],"fullName":"Graph Module should log that Force Graph is loaded","status":"passed","title":"should log that Force Graph is loaded","duration":34.582420999999954,"failureMessages":[],"meta":{}},{"ancestorTitles":["Graph Module"],"fullName":"Graph Module should initialize the graph when the DOM element exists","status":"skipped","title":"should initialize the graph when the DOM element exists","failureMessages":[],"meta":{}},{"ancestorTitles":["Graph Module"],"fullName":"Graph Module should not initialize the graph when the DOM element doesn't exist","status":"passed","title":"should not initialize the graph when the DOM element doesn't exist","duration":3.0443410000000313,"failureMessages":[],"meta":{}},{"ancestorTitles":["Graph Module"],"fullName":"Graph Module should handle ForceGraph not being defined","status":"passed","title":"should handle ForceGraph not being defined","duration":2.3215679999999566,"failureMessages":[],"meta":{}},{"ancestorTitles":["Graph Module"],"fullName":"Graph Module should handle node canvas object rendering","status":"passed","title":"should handle node canvas object rendering","duration":2.5843999999999596,"failureMessages":[],"meta":{}},{"ancestorTitles":["Graph Module"],"fullName":"Graph Module should handle goto control click","status":"passed","title":"should handle goto control click","duration":1.4870350000001054,"failureMessages":[],"meta":{}},{"ancestorTitles":["Graph Module"],"fullName":"Graph Module should build graph data correctly","status":"passed","title":"should build graph data correctly","duration":2.1731600000000526,"failureMessages":[],"meta":{}},{"ancestorTitles":["Graph Module"],"fullName":"Graph Module should update detail with node information","status":"passed","title":"should update detail with node information","duration":2.3843449999999393,"failureMessages":[],"meta":{}}],"startTime":1783429482633,"endTime":1783429482681.3843,"status":"passed","message":"","name":"/home/runner/work/blog7/blog7/src/__tests__/graph.test.ts"},{"assertionResults":[{"ancestorTitles":["Header Copy Link","URL Transformation"],"fullName":"Header Copy Link URL Transformation should transform localhost URL to production domain","status":"passed","title":"should transform localhost URL to production domain","duration":11.003395000000069,"failureMessages":[],"meta":{}},{"ancestorTitles":["Header Copy Link","URL Transformation"],"fullName":"Header Copy Link URL Transformation should handle production domain mapping correctly","status":"passed","title":"should handle production domain mapping correctly","duration":1.7352090000000544,"failureMessages":[],"meta":{}},{"ancestorTitles":["Header Copy Link","Header ID Generation"],"fullName":"Header Copy Link Header ID Generation should use existing header ID if present","status":"passed","title":"should use existing header ID if present","duration":1.937167000000045,"failureMessages":[],"meta":{}},{"ancestorTitles":["Header Copy Link","Header ID Generation"],"fullName":"Header Copy Link Header ID Generation should generate ID from header text when no ID exists","status":"passed","title":"should generate ID from header text when no ID exists","duration":2.0343789999999444,"failureMessages":[],"meta":{}},{"ancestorTitles":["Header Copy Link","Header ID Generation"],"fullName":"Header Copy Link Header ID Generation should handle special characters in header text","status":"passed","title":"should handle special characters in header text","duration":1.8659640000000763,"failureMessages":[],"meta":{}},{"ancestorTitles":["Header Copy Link","Header ID Generation"],"fullName":"Header Copy Link Header ID Generation should ensure ID uniqueness","status":"passed","title":"should ensure ID uniqueness","duration":2.886755999999991,"failureMessages":[],"meta":{}},{"ancestorTitles":["Header Copy Link","Copy Functionality"],"fullName":"Header Copy Link Copy Functionality should copy correct URL format","status":"passed","title":"should copy correct URL format","duration":78.91058800000008,"failureMessages":[],"meta":{}},{"ancestorTitles":["Header Copy Link","Copy Functionality"],"fullName":"Header Copy Link Copy Functionality should preserve whole bullets and not clip mid-sentence (regression: #487)","status":"passed","title":"should preserve whole bullets and not clip mid-sentence (regression: #487)","duration":7.13767699999994,"failureMessages":[],"meta":{}},{"ancestorTitles":["Header Copy Link","Copy Functionality"],"fullName":"Header Copy Link Copy Functionality should append '...' when the extracted paragraph is short but more content follows (msg 2363)","status":"passed","title":"should append '...' when the extracted paragraph is short but more content follows (msg 2363)","duration":6.431363999999803,"failureMessages":[],"meta":{}},{"ancestorTitles":["Header Copy Link","Copy Functionality"],"fullName":"Header Copy Link Copy Functionality should NOT append '...' when extracted paragraph is the only content in the section","status":"passed","title":"should NOT append '...' when extracted paragraph is the only content in the section","duration":5.6824719999999616,"failureMessages":[],"meta":{}},{"ancestorTitles":["Header Copy Link","Copy Functionality"],"fullName":"Header Copy Link Copy Functionality should handle clipboard API failure gracefully","status":"passed","title":"should handle clipboard API failure gracefully","duration":30.604990000000043,"failureMessages":[],"meta":{}},{"ancestorTitles":["Header Copy Link","CSS Styles"],"fullName":"Header Copy Link CSS Styles should add styles only once","status":"passed","title":"should add styles only once","duration":4.602779000000055,"failureMessages":[],"meta":{}},{"ancestorTitles":["Header Copy Link","CSS Styles"],"fullName":"Header Copy Link CSS Styles should create style element with correct content","status":"passed","title":"should create style element with correct content","duration":1.3648560000001453,"failureMessages":[],"meta":{}},{"ancestorTitles":["Header Copy Link","Integration"],"fullName":"Header Copy Link Integration should add share links to all header types including H1","status":"passed","title":"should add share links to all header types including H1","duration":4.801380999999992,"failureMessages":[],"meta":{}},{"ancestorTitles":["Header Copy Link","Integration"],"fullName":"Header Copy Link Integration should initialize correctly when DOM is ready","status":"passed","title":"should initialize correctly when DOM is ready","duration":1.9928220000001602,"failureMessages":[],"meta":{}},{"ancestorTitles":["Header Copy Link","Integration"],"fullName":"Header Copy Link Integration should wait for DOM ready when loading","status":"passed","title":"should wait for DOM ready when loading","duration":1.0445559999998295,"failureMessages":[],"meta":{}},{"ancestorTitles":["Header Copy Link","Integration"],"fullName":"Header Copy Link Integration should not add duplicate copy links when called multiple times","status":"passed","title":"should not add duplicate copy links when called multiple times","duration":2.011126000000104,"failureMessages":[],"meta":{}},{"ancestorTitles":["Header Copy Link","Integration"],"fullName":"Header Copy Link Integration should not add duplicate copy links when enableHeaderCopyLinks is called multiple times","status":"passed","title":"should not add duplicate copy links when enableHeaderCopyLinks is called multiple times","duration":2.1373960000000807,"failureMessages":[],"meta":{}},{"ancestorTitles":["Header Copy Link","Breadcrumb Format"],"fullName":"Header Copy Link Breadcrumb Format should build breadcrumb with page name and header hierarchy","status":"passed","title":"should build breadcrumb with page name and header hierarchy","duration":1.4135270000001583,"failureMessages":[],"meta":{}},{"ancestorTitles":["Header Copy Link","Breadcrumb Format"],"fullName":"Header Copy Link Breadcrumb Format should convert hyphens to spaces in page name","status":"passed","title":"should convert hyphens to spaces in page name","duration":1.0551460000001498,"failureMessages":[],"meta":{}},{"ancestorTitles":["Header Copy Link","Breadcrumb Format"],"fullName":"Header Copy Link Breadcrumb Format should handle index page correctly","status":"passed","title":"should handle index page correctly","duration":0.8332699999998567,"failureMessages":[],"meta":{}},{"ancestorTitles":["Header Copy Link","Breadcrumb Format"],"fullName":"Header Copy Link Breadcrumb Format should show correct hierarchy for AI Journal diary entry","status":"passed","title":"should show correct hierarchy for AI Journal diary entry","duration":1.089179999999942,"failureMessages":[],"meta":{}},{"ancestorTitles":["Header Copy Link","Breadcrumb Format"],"fullName":"Header Copy Link Breadcrumb Format should handle deeply nested headers with depth limit","status":"passed","title":"should handle deeply nested headers with depth limit","duration":3.5848829999999907,"failureMessages":[],"meta":{}},{"ancestorTitles":["Header Copy Link","Breadcrumb Format"],"fullName":"Header Copy Link Breadcrumb Format should use most recent parent header when duplicates exist","status":"passed","title":"should use most recent parent header when duplicates exist","duration":1.050487000000203,"failureMessages":[],"meta":{}},{"ancestorTitles":["Header Copy Link","Breadcrumb Format"],"fullName":"Header Copy Link Breadcrumb Format should handle missing intermediate header levels","status":"passed","title":"should handle missing intermediate header levels","duration":0.7632489999998597,"failureMessages":[],"meta":{}},{"ancestorTitles":["Header Copy Link","Breadcrumb Format"],"fullName":"Header Copy Link Breadcrumb Format should handle AI Journal nested subsection breadcrumb","status":"passed","title":"should handle AI Journal nested subsection breadcrumb","duration":0.9967159999998785,"failureMessages":[],"meta":{}},{"ancestorTitles":["Header Copy Link","GitHub Issue Creation"],"fullName":"Header Copy Link GitHub Issue Creation should add GitHub issue icon alongside copy link icon","status":"passed","title":"should add GitHub issue icon alongside copy link icon","duration":1.538430999999946,"failureMessages":[],"meta":{}},{"ancestorTitles":["Header Copy Link","GitHub Issue Creation"],"fullName":"Header Copy Link GitHub Issue Creation should show popup when GitHub icon is clicked","status":"passed","title":"should show popup when GitHub icon is clicked","duration":24.59470699999997,"failureMessages":[],"meta":{}},{"ancestorTitles":["Header Copy Link","GitHub Issue Creation"],"fullName":"Header Copy Link GitHub Issue Creation should open GitHub issue with custom description when popup is submitted","status":"passed","title":"should open GitHub issue with custom description when popup is submitted","duration":1.8201579999999922,"failureMessages":[],"meta":{}},{"ancestorTitles":["Header Copy Link","GitHub Issue Creation"],"fullName":"Header Copy Link GitHub Issue Creation should include content excerpt when no custom description provided","status":"passed","title":"should include content excerpt when no custom description provided","duration":1.4170910000000276,"failureMessages":[],"meta":{}},{"ancestorTitles":["Header Copy Link","GitHub Issue Creation"],"fullName":"Header Copy Link GitHub Issue Creation should truncate long content excerpts to the preview max length","status":"passed","title":"should truncate long content excerpts to the preview max length","duration":1.714821000000029,"failureMessages":[],"meta":{}},{"ancestorTitles":["Header Copy Link","GitHub Issue Creation"],"fullName":"Header Copy Link GitHub Issue Creation should skip empty paragraphs and find first non-empty one","status":"passed","title":"should skip empty paragraphs and find first non-empty one","duration":1.6536459999999806,"failureMessages":[],"meta":{}},{"ancestorTitles":["URL Transformation Logic"],"fullName":"URL Transformation Logic should transform URL correctly: localhost to production with long anchor","status":"passed","title":"should transform URL correctly: localhost to production with long anchor","duration":7.387212999999974,"failureMessages":[],"meta":{}},{"ancestorTitles":["URL Transformation Logic"],"fullName":"URL Transformation Logic should transform URL correctly: production domain mapping","status":"passed","title":"should transform URL correctly: production domain mapping","duration":12.790091999999959,"failureMessages":[],"meta":{}},{"ancestorTitles":["URL Transformation Logic"],"fullName":"URL Transformation Logic should transform URL correctly: simple case","status":"passed","title":"should transform URL correctly: simple case","duration":7.984092000000146,"failureMessages":[],"meta":{}}],"startTime":1783429481748,"endTime":1783429481988.9841,"status":"passed","message":"","name":"/home/runner/work/blog7/blog7/src/__tests__/header-copy-link.test.ts"},{"assertionResults":[{"ancestorTitles":["Index Module"],"fullName":"Index Module should initialize when ready","status":"passed","title":"should initialize when ready","duration":25.074613,"failureMessages":[],"meta":{}}],"startTime":1783429484394,"endTime":1783429484419.0747,"status":"passed","message":"","name":"/home/runner/work/blog7/blog7/src/__tests__/index.test.ts"},{"assertionResults":[{"ancestorTitles":["Main module functions","shuffle"],"fullName":"Main module functions shuffle should return an array of the same length","status":"passed","title":"should return an array of the same length","duration":1.3938899999999421,"failureMessages":[],"meta":{}},{"ancestorTitles":["Main module functions","shuffle"],"fullName":"Main module functions shuffle should contain all the same elements","status":"passed","title":"should contain all the same elements","duration":0.8509139999999888,"failureMessages":[],"meta":{}},{"ancestorTitles":["Main module functions","random_from_list"],"fullName":"Main module functions random_from_list should return an element from the list","status":"passed","title":"should return an element from the list","duration":0.9836119999999937,"failureMessages":[],"meta":{}},{"ancestorTitles":["Main module functions","random_from_list"],"fullName":"Main module functions random_from_list should return undefined for empty list","status":"passed","title":"should return undefined for empty list","duration":0.23024099999997816,"failureMessages":[],"meta":{}},{"ancestorTitles":["Main module functions","load_globals function"],"fullName":"Main module functions load_globals function should initialize recent posts module","status":"passed","title":"should initialize recent posts module","duration":34.461655000000064,"failureMessages":[],"meta":{}},{"ancestorTitles":["Main module functions","load_globals function"],"fullName":"Main module functions load_globals function should initialize recent all posts if container exists","status":"passed","title":"should initialize recent all posts if container exists","duration":20.399160999999935,"failureMessages":[],"meta":{}},{"ancestorTitles":["Main module functions","load_globals function"],"fullName":"Main module functions load_globals function should not initialize recent all posts if container doesn't exist","status":"passed","title":"should not initialize recent all posts if container doesn't exist","duration":24.379625000000033,"failureMessages":[],"meta":{}},{"ancestorTitles":["Main module functions","load_globals function"],"fullName":"Main module functions load_globals function should call generateToc for both toc containers","status":"passed","title":"should call generateToc for both toc containers","duration":30.795359999999846,"failureMessages":[],"meta":{}},{"ancestorTitles":["Main module functions","TOC functions"],"fullName":"Main module functions TOC functions should warn when TOC elements are not found","status":"passed","title":"should warn when TOC elements are not found","duration":0.6473929999999655,"failureMessages":[],"meta":{}},{"ancestorTitles":["Main module functions","URL swapping function"],"fullName":"Main module functions URL swapping function should handle production URL swapping","status":"passed","title":"should handle production URL swapping","duration":0.4551320000000487,"failureMessages":[],"meta":{}}],"startTime":1783429481771,"endTime":1783429481886.455,"status":"passed","message":"","name":"/home/runner/work/blog7/blog7/src/__tests__/main.test.ts"},{"assertionResults":[{"ancestorTitles":["Page Loader","makePostPreviewHTML"],"fullName":"Page Loader makePostPreviewHTML should generate correct HTML for a post preview","status":"passed","title":"should generate correct HTML for a post preview","duration":2.5622280000000046,"failureMessages":[],"meta":{}},{"ancestorTitles":["Page Loader","makePostPreviewHTML"],"fullName":"Page Loader makePostPreviewHTML should encode URLs correctly","status":"passed","title":"should encode URLs correctly","duration":0.39253499999995256,"failureMessages":[],"meta":{}},{"ancestorTitles":["Page Loader","make_random_post_html"],"fullName":"Page Loader make_random_post_html should generate HTML for a random post","status":"passed","title":"should generate HTML for a random post","duration":1.14808000000005,"failureMessages":[],"meta":{}},{"ancestorTitles":["Page Loader","make_random_post_html"],"fullName":"Page Loader make_random_post_html should handle errors gracefully","status":"passed","title":"should handle errors gracefully","duration":0.9066780000000563,"failureMessages":[],"meta":{}},{"ancestorTitles":["Page Loader","load_random_eulogy"],"fullName":"Page Loader load_random_eulogy should load random eulogy roles","status":"passed","title":"should load random eulogy roles","duration":2.000415999999973,"failureMessages":[],"meta":{}},{"ancestorTitles":["Page Loader","load_random_eulogy"],"fullName":"Page Loader load_random_eulogy should use default element IDs if not provided","status":"passed","title":"should use default element IDs if not provided","duration":3.017261000000076,"failureMessages":[],"meta":{}},{"ancestorTitles":["Page Loader","load_random_eulogy"],"fullName":"Page Loader load_random_eulogy should handle errors gracefully","status":"passed","title":"should handle errors gracefully","duration":0.5656089999999949,"failureMessages":[],"meta":{}},{"ancestorTitles":["Page Loader","load_enjoy2"],"fullName":"Page Loader load_enjoy2 should load content for the Enjoy page","status":"passed","title":"should load content for the Enjoy page","duration":2.5602440000000115,"failureMessages":[],"meta":{}},{"ancestorTitles":["Page Loader","load_enjoy2"],"fullName":"Page Loader load_enjoy2 should handle errors gracefully","status":"passed","title":"should handle errors gracefully","duration":0.6005250000000615,"failureMessages":[],"meta":{}},{"ancestorTitles":["Page Loader","load_7_habits"],"fullName":"Page Loader load_7_habits should load content for the 7 Habits page","status":"passed","title":"should load content for the 7 Habits page","duration":0.9181389999999965,"failureMessages":[],"meta":{}},{"ancestorTitles":["Page Loader","load_7_habits"],"fullName":"Page Loader load_7_habits should handle errors gracefully","status":"passed","title":"should handle errors gracefully","duration":0.406641000000036,"failureMessages":[],"meta":{}},{"ancestorTitles":["Page Loader","load_ig66"],"fullName":"Page Loader load_ig66 should load content for the IG66 page","status":"passed","title":"should load content for the IG66 page","duration":0.33833400000003166,"failureMessages":[],"meta":{}},{"ancestorTitles":["Page Loader","load_ig66"],"fullName":"Page Loader load_ig66 should handle errors gracefully","status":"passed","title":"should handle errors gracefully","duration":0.38559299999997165,"failureMessages":[],"meta":{}},{"ancestorTitles":["Page Loader","load_balance"],"fullName":"Page Loader load_balance should load content for the Balance page","status":"passed","title":"should load content for the Balance page","duration":0.8594490000000405,"failureMessages":[],"meta":{}},{"ancestorTitles":["Page Loader","load_balance"],"fullName":"Page Loader load_balance should handle errors gracefully","status":"passed","title":"should handle errors gracefully","duration":0.40334500000005846,"failureMessages":[],"meta":{}},{"ancestorTitles":["Page Loader","make_radar_map"],"fullName":"Page Loader make_radar_map should create a radar map visualization","status":"passed","title":"should create a radar map visualization","duration":0.6591750000000047,"failureMessages":[],"meta":{}},{"ancestorTitles":["Page Loader","make_radar_map"],"fullName":"Page Loader make_radar_map should handle missing Plotly","status":"passed","title":"should handle missing Plotly","duration":0.3562170000000151,"failureMessages":[],"meta":{}},{"ancestorTitles":["Page Loader","make_radar_map"],"fullName":"Page Loader make_radar_map should handle errors gracefully","status":"passed","title":"should handle errors gracefully","duration":0.40452799999991385,"failureMessages":[],"meta":{}},{"ancestorTitles":["Page Loader","make_balance_chart_by_work"],"fullName":"Page Loader make_balance_chart_by_work should create a work balance chart","status":"passed","title":"should create a work balance chart","duration":0.6091310000000476,"failureMessages":[],"meta":{}},{"ancestorTitles":["Page Loader","make_balance_chart_by_work"],"fullName":"Page Loader make_balance_chart_by_work should handle missing Plotly","status":"passed","title":"should handle missing Plotly","duration":0.4201669999999922,"failureMessages":[],"meta":{}},{"ancestorTitles":["Page Loader","make_balance_chart_by_work"],"fullName":"Page Loader make_balance_chart_by_work should handle errors gracefully","status":"passed","title":"should handle errors gracefully","duration":0.37928999999996904,"failureMessages":[],"meta":{}},{"ancestorTitles":["Page Loader","make_balance_chart_by_desired_time_rest"],"fullName":"Page Loader make_balance_chart_by_desired_time_rest should create a rest time chart","status":"passed","title":"should create a rest time chart","duration":0.680503999999928,"failureMessages":[],"meta":{}},{"ancestorTitles":["Page Loader","make_balance_chart_by_desired_time_rest"],"fullName":"Page Loader make_balance_chart_by_desired_time_rest should handle missing Plotly","status":"passed","title":"should handle missing Plotly","duration":0.3181359999999813,"failureMessages":[],"meta":{}},{"ancestorTitles":["Page Loader","make_balance_chart_by_desired_time_rest"],"fullName":"Page Loader make_balance_chart_by_desired_time_rest should handle errors gracefully","status":"passed","title":"should handle errors gracefully","duration":0.4061499999999114,"failureMessages":[],"meta":{}},{"ancestorTitles":["Page Loader","SevenHabits"],"fullName":"Page Loader SevenHabits should create a tree with the correct structure","status":"passed","title":"should create a tree with the correct structure","duration":0.47340700000006564,"failureMessages":[],"meta":{}},{"ancestorTitles":["Page Loader","ThingsIEnjoy"],"fullName":"Page Loader ThingsIEnjoy should create a tree with the correct structure","status":"passed","title":"should create a tree with the correct structure","duration":4.526235999999926,"failureMessages":[],"meta":{}},{"ancestorTitles":["Page Loader","Constants"],"fullName":"Page Loader Constants should export the correct constants","status":"passed","title":"should export the correct constants","duration":0.48820499999999356,"failureMessages":[],"meta":{}}],"startTime":1783429483560,"endTime":1783429483588.5261,"status":"passed","message":"","name":"/home/runner/work/blog7/blog7/src/__tests__/page-loader.test.ts"},{"assertionResults":[{"ancestorTitles":["Random Prompter","TreeNode"],"fullName":"Random Prompter TreeNode should create a tree node with given properties","status":"passed","title":"should create a tree node with given properties","duration":6.030993999999964,"failureMessages":[],"meta":{}},{"ancestorTitles":["Random Prompter","TreeNode"],"fullName":"Random Prompter TreeNode should use default values when not provided","status":"passed","title":"should use default values when not provided","duration":4.531936000000087,"failureMessages":[],"meta":{}},{"ancestorTitles":["Random Prompter","breadth_first_walk"],"fullName":"Random Prompter breadth_first_walk should return empty if node is null","status":"passed","title":"should return empty if node is null","duration":2.809321000000068,"failureMessages":[],"meta":{}},{"ancestorTitles":["Random Prompter","breadth_first_walk"],"fullName":"Random Prompter breadth_first_walk should walk the tree in breadth-first order","status":"passed","title":"should walk the tree in breadth-first order","duration":1.582192999999961,"failureMessages":[],"meta":{}},{"ancestorTitles":["Random Prompter","tree_to_plotly_data_format"],"fullName":"Random Prompter tree_to_plotly_data_format should convert tree to plotly format","status":"passed","title":"should convert tree to plotly format","duration":0.8350840000000517,"failureMessages":[],"meta":{}},{"ancestorTitles":["Random Prompter","category_to_prompts"],"fullName":"Random Prompter category_to_prompts should extract prompts from categories","status":"skipped","title":"should extract prompts from categories","failureMessages":[],"meta":{}},{"ancestorTitles":["Random Prompter","render_prompt_for_category"],"fullName":"Random Prompter render_prompt_for_category should render a prompt for a category","status":"passed","title":"should render a prompt for a category","duration":3.3327010000000428,"failureMessages":[],"meta":{}},{"ancestorTitles":["Random Prompter","add_random_prompts"],"fullName":"Random Prompter add_random_prompts should add random prompts for all categories","status":"passed","title":"should add random prompts for all categories","duration":0.8891250000000355,"failureMessages":[],"meta":{}},{"ancestorTitles":["Random Prompter","add_sunburst"],"fullName":"Random Prompter add_sunburst should create a sunburst visualization","status":"passed","title":"should create a sunburst visualization","duration":1.4465790000000425,"failureMessages":[],"meta":{}},{"ancestorTitles":["Random Prompter","add_sunburst"],"fullName":"Random Prompter add_sunburst should handle missing Plotly","status":"passed","title":"should handle missing Plotly","duration":0.7703430000000253,"failureMessages":[],"meta":{}},{"ancestorTitles":["Random Prompter","add_sunburst"],"fullName":"Random Prompter add_sunburst should handle errors during plot creation","status":"passed","title":"should handle errors during plot creation","duration":0.8463550000000168,"failureMessages":[],"meta":{}},{"ancestorTitles":["Random Prompter","random_prompt_for_label"],"fullName":"Random Prompter random_prompt_for_label should find a random prompt for a label","status":"passed","title":"should find a random prompt for a label","duration":0.7116829999999936,"failureMessages":[],"meta":{}},{"ancestorTitles":["Random Prompter","category_to_prompts_text"],"fullName":"Random Prompter category_to_prompts_text should convert category elements to text with prompts","status":"passed","title":"should convert category elements to text with prompts","duration":0.6879079999999931,"failureMessages":[],"meta":{}},{"ancestorTitles":["Random Prompter","extract_tree_from_dom"],"fullName":"Random Prompter extract_tree_from_dom should extract tree structure from H2 and H3 elements","status":"passed","title":"should extract tree structure from H2 and H3 elements","duration":1.279356000000007,"failureMessages":[],"meta":{}},{"ancestorTitles":["Random Prompter","extract_tree_from_dom"],"fullName":"Random Prompter extract_tree_from_dom should handle H2 elements with multiple H3 children","status":"passed","title":"should handle H2 elements with multiple H3 children","duration":9.320334000000003,"failureMessages":[],"meta":{}},{"ancestorTitles":["Random Prompter","extract_tree_from_dom"],"fullName":"Random Prompter extract_tree_from_dom should handle malformed DOM with no elements","status":"passed","title":"should handle malformed DOM with no elements","duration":0.4787059999999883,"failureMessages":[],"meta":{}},{"ancestorTitles":["Random Prompter","extract_tree_from_dom"],"fullName":"Random Prompter extract_tree_from_dom should use default parameters when not provided","status":"passed","title":"should use default parameters when not provided","duration":0.4052689999999757,"failureMessages":[],"meta":{}},{"ancestorTitles":["Random Prompter","extract_tree_from_dom"],"fullName":"Random Prompter extract_tree_from_dom should handle mixed content between H2 elements","status":"passed","title":"should handle mixed content between H2 elements","duration":3.3423589999999876,"failureMessages":[],"meta":{}},{"ancestorTitles":["Random Prompter","extract_tree_from_dom"],"fullName":"Random Prompter extract_tree_from_dom should use container selector when provided","status":"passed","title":"should use container selector when provided","duration":0.19575699999995777,"failureMessages":[],"meta":{}}],"startTime":1783429484318,"endTime":1783429484358.3423,"status":"passed","message":"","name":"/home/runner/work/blog7/blog7/src/__tests__/random-prompter.test.ts"},{"assertionResults":[{"ancestorTitles":["Recent Posts Module","fetchBacklinksData"],"fullName":"Recent Posts Module fetchBacklinksData should fetch and return URL info map","status":"passed","title":"should fetch and return URL info map","duration":11.494185000000016,"failureMessages":[],"meta":{}},{"ancestorTitles":["Recent Posts Module","fetchBacklinksData"],"fullName":"Recent Posts Module fetchBacklinksData should throw error if url_info is missing","status":"passed","title":"should throw error if url_info is missing","duration":5.242126999999982,"failureMessages":[],"meta":{}},{"ancestorTitles":["Recent Posts Module","convertToPages"],"fullName":"Recent Posts Module convertToPages should convert URL info map to array of page objects","status":"passed","title":"should convert URL info map to array of page objects","duration":2.900164000000018,"failureMessages":[],"meta":{}},{"ancestorTitles":["Recent Posts Module","convertToPages"],"fullName":"Recent Posts Module convertToPages should handle missing properties with defaults","status":"passed","title":"should handle missing properties with defaults","duration":1.680627999999956,"failureMessages":[],"meta":{}},{"ancestorTitles":["Recent Posts Module","filterRealPages"],"fullName":"Recent Posts Module filterRealPages should filter out pages with empty titles or descriptions","status":"passed","title":"should filter out pages with empty titles or descriptions","duration":1.540324000000055,"failureMessages":[],"meta":{}},{"ancestorTitles":["Recent Posts Module","sortPagesByDate"],"fullName":"Recent Posts Module sortPagesByDate should sort pages by last_modified date, newest first","status":"passed","title":"should sort pages by last_modified date, newest first","duration":1.1228730000000269,"failureMessages":[],"meta":{}},{"ancestorTitles":["Recent Posts Module","sortPagesByDate"],"fullName":"Recent Posts Module sortPagesByDate should fallback to doc_size if last_modified dates are missing","status":"passed","title":"should fallback to doc_size if last_modified dates are missing","duration":0.7862330000000384,"failureMessages":[],"meta":{}},{"ancestorTitles":["Recent Posts Module","sortPagesByDate"],"fullName":"Recent Posts Module sortPagesByDate should not modify the original array","status":"passed","title":"should not modify the original array","duration":0.7227840000000469,"failureMessages":[],"meta":{}},{"ancestorTitles":["Recent Posts Module","getRecentPages"],"fullName":"Recent Posts Module getRecentPages should return the specified number of pages","status":"passed","title":"should return the specified number of pages","duration":1.324750999999992,"failureMessages":[],"meta":{}},{"ancestorTitles":["Recent Posts Module","getRecentPages"],"fullName":"Recent Posts Module getRecentPages should handle array with fewer pages than requested count","status":"passed","title":"should handle array with fewer pages than requested count","duration":0.9081109999999626,"failureMessages":[],"meta":{}},{"ancestorTitles":["Recent Posts Module","generateRecentPagesHTML"],"fullName":"Recent Posts Module generateRecentPagesHTML should generate correct HTML for recent pages","status":"passed","title":"should generate correct HTML for recent pages","duration":1.1718339999999898,"failureMessages":[],"meta":{}},{"ancestorTitles":["Recent Posts Module","generateRecentPagesHTML"],"fullName":"Recent Posts Module generateRecentPagesHTML should truncate descriptions longer than 100 characters","status":"passed","title":"should truncate descriptions longer than 100 characters","duration":0.6739820000000236,"failureMessages":[],"meta":{}},{"ancestorTitles":["Recent Posts Module","generateRecentPagesHTML"],"fullName":"Recent Posts Module generateRecentPagesHTML should show message for empty pages array","status":"passed","title":"should show message for empty pages array","duration":0.5826419999999644,"failureMessages":[],"meta":{}},{"ancestorTitles":["Recent Posts Module","updateRecentPosts"],"fullName":"Recent Posts Module updateRecentPosts should update the container with recent posts HTML","status":"passed","title":"should update the container with recent posts HTML","duration":4.477384999999913,"failureMessages":[],"meta":{}},{"ancestorTitles":["Recent Posts Module","updateRecentPosts"],"fullName":"Recent Posts Module updateRecentPosts should show error message when getProcessedPages fails","status":"passed","title":"should show error message when getProcessedPages fails","duration":21.96211299999993,"failureMessages":[],"meta":{}},{"ancestorTitles":["Recent Posts Module","updateRecentPosts"],"fullName":"Recent Posts Module updateRecentPosts should do nothing if container is not found","status":"passed","title":"should do nothing if container is not found","duration":1.2761600000000044,"failureMessages":[],"meta":{}},{"ancestorTitles":["Recent Posts Module","initRecentPosts"],"fullName":"Recent Posts Module initRecentPosts should call updateRecentPosts immediately if document is loaded","status":"passed","title":"should call updateRecentPosts immediately if document is loaded","duration":15.932366000000002,"failureMessages":[],"meta":{}},{"ancestorTitles":["Recent Posts Module","initRecentPosts"],"fullName":"Recent Posts Module initRecentPosts should add event listener if document is still loading","status":"passed","title":"should add event listener if document is still loading","duration":1.7138889999999947,"failureMessages":[],"meta":{}}],"startTime":1783429482798,"endTime":1783429482874.7139,"status":"passed","message":"","name":"/home/runner/work/blog7/blog7/src/__tests__/recent-posts.test.ts"},{"assertionResults":[{"ancestorTitles":["Recent Module","groupPagesByMonthYear"],"fullName":"Recent Module groupPagesByMonthYear should group pages by month and year","status":"passed","title":"should group pages by month and year","duration":7.282317999999918,"failureMessages":[],"meta":{}},{"ancestorTitles":["Recent Module","groupPagesByMonthYear"],"fullName":"Recent Module groupPagesByMonthYear should handle empty arrays","status":"passed","title":"should handle empty arrays","duration":2.2000900000000456,"failureMessages":[],"meta":{}},{"ancestorTitles":["Recent Module","groupPagesByMonthYear"],"fullName":"Recent Module groupPagesByMonthYear should skip pages without last_modified dates","status":"passed","title":"should skip pages without last_modified dates","duration":1.5315570000000207,"failureMessages":[],"meta":{}},{"ancestorTitles":["Recent Module","generateGroupedPagesHTML"],"fullName":"Recent Module generateGroupedPagesHTML should generate correct HTML for grouped pages","status":"passed","title":"should generate correct HTML for grouped pages","duration":1.3383360000000266,"failureMessages":[],"meta":{}},{"ancestorTitles":["Recent Module","generateGroupedPagesHTML"],"fullName":"Recent Module generateGroupedPagesHTML should format dates in the expected format","status":"passed","title":"should format dates in the expected format","duration":1.09417899999994,"failureMessages":[],"meta":{}},{"ancestorTitles":["Recent Module","generateGroupedPagesHTML"],"fullName":"Recent Module generateGroupedPagesHTML should truncate descriptions longer than 150 characters","status":"passed","title":"should truncate descriptions longer than 150 characters","duration":1.2252939999999626,"failureMessages":[],"meta":{}},{"ancestorTitles":["Recent Module","createToggleSection"],"fullName":"Recent Module createToggleSection should create toggle section with correct content","status":"passed","title":"should create toggle section with correct content","duration":1.4055020000000695,"failureMessages":[],"meta":{}},{"ancestorTitles":["Recent Module","generateStyles"],"fullName":"Recent Module generateStyles should generate CSS styles as a string","status":"passed","title":"should generate CSS styles as a string","duration":1.101583000000005,"failureMessages":[],"meta":{}},{"ancestorTitles":["Recent Module","setupToggleEventListener"],"fullName":"Recent Module setupToggleEventListener should add click event listener to toggle element","status":"passed","title":"should add click event listener to toggle element","duration":5.9975919999999405,"failureMessages":[],"meta":{}},{"ancestorTitles":["Recent Module","setupToggleEventListener"],"fullName":"Recent Module setupToggleEventListener should handle missing toggle element","status":"passed","title":"should handle missing toggle element","duration":6.362885000000006,"failureMessages":[],"meta":{}},{"ancestorTitles":["Recent Module","setupToggleEventListener"],"fullName":"Recent Module setupToggleEventListener should toggle content visibility when clicked","status":"passed","title":"should toggle content visibility when clicked","duration":7.906836999999996,"failureMessages":[],"meta":{}},{"ancestorTitles":["Recent Module","generateRecentPostsHTML"],"fullName":"Recent Module generateRecentPostsHTML should generate complete HTML for posts display","status":"passed","title":"should generate complete HTML for posts display","duration":1.1772740000000113,"failureMessages":[],"meta":{}},{"ancestorTitles":["Recent Module","generateRecentPostsHTML"],"fullName":"Recent Module generateRecentPostsHTML should return message when no pages are provided","status":"passed","title":"should return message when no pages are provided","duration":0.6663570000000618,"failureMessages":[],"meta":{}},{"ancestorTitles":["Recent Module","generateRecentPostsHTML"],"fullName":"Recent Module generateRecentPostsHTML should use default initialPostsCount of 15","status":"passed","title":"should use default initialPostsCount of 15","duration":1.0608869999999797,"failureMessages":[],"meta":{}},{"ancestorTitles":["Recent Module","updateRecentPosts"],"fullName":"Recent Module updateRecentPosts should update container with posts HTML","status":"passed","title":"should update container with posts HTML","duration":7.327041000000008,"failureMessages":[],"meta":{}},{"ancestorTitles":["Recent Module","updateRecentPosts"],"fullName":"Recent Module updateRecentPosts should handle empty results","status":"passed","title":"should handle empty results","duration":1.2930110000000923,"failureMessages":[],"meta":{}},{"ancestorTitles":["Recent Module","updateRecentPosts"],"fullName":"Recent Module updateRecentPosts should handle errors","status":"passed","title":"should handle errors","duration":12.342452999999978,"failureMessages":[],"meta":{}},{"ancestorTitles":["Recent Module","updateRecentPosts"],"fullName":"Recent Module updateRecentPosts should do nothing if container is not found","status":"passed","title":"should do nothing if container is not found","duration":1.4284549999999854,"failureMessages":[],"meta":{}},{"ancestorTitles":["Recent Module","initRecentAllPosts"],"fullName":"Recent Module initRecentAllPosts should call updateRecentPosts immediately if document is already loaded","status":"passed","title":"should call updateRecentPosts immediately if document is already loaded","duration":7.144492000000014,"failureMessages":[],"meta":{}},{"ancestorTitles":["Recent Module","initRecentAllPosts"],"fullName":"Recent Module initRecentAllPosts should add event listener if document is still loading","status":"passed","title":"should add event listener if document is still loading","duration":0.6610180000000128,"failureMessages":[],"meta":{}}],"startTime":1783429481743,"endTime":1783429481814.6611,"status":"passed","message":"","name":"/home/runner/work/blog7/blog7/src/__tests__/recent.test.ts"},{"assertionResults":[{"ancestorTitles":["Search Module","getParameterByName"],"fullName":"Search Module getParameterByName should extract a parameter from a URL","status":"passed","title":"should extract a parameter from a URL","duration":3.9132809999999836,"failureMessages":[],"meta":{}},{"ancestorTitles":["Search Module","getParameterByName"],"fullName":"Search Module getParameterByName should return null when parameter doesn't exist","status":"passed","title":"should return null when parameter doesn't exist","duration":1.3443379999999934,"failureMessages":[],"meta":{}},{"ancestorTitles":["Search Module","getParameterByName"],"fullName":"Search Module getParameterByName should return empty string when parameter has no value","status":"passed","title":"should return empty string when parameter has no value","duration":0.7213159999998879,"failureMessages":[],"meta":{}},{"ancestorTitles":["Search Module","getParameterByName"],"fullName":"Search Module getParameterByName should handle URL encoded values","status":"passed","title":"should handle URL encoded values","duration":0.6809399999999641,"failureMessages":[],"meta":{}},{"ancestorTitles":["Search Module","getParameterByName"],"fullName":"Search Module getParameterByName should use window.location.href when no URL is provided","status":"passed","title":"should use window.location.href when no URL is provided","duration":0.45985800000005383,"failureMessages":[],"meta":{}},{"ancestorTitles":["Search Module","InstantSearchHitTemplate"],"fullName":"Search Module InstantSearchHitTemplate should generate HTML for a hit with title and content","status":"passed","title":"should generate HTML for a hit with title and content","duration":1.8501420000000053,"failureMessages":[],"meta":{}},{"ancestorTitles":["Search Module","InstantSearchHitTemplate"],"fullName":"Search Module InstantSearchHitTemplate should generate HTML for a hit with anchor","status":"passed","title":"should generate HTML for a hit with anchor","duration":0.7109669999999824,"failureMessages":[],"meta":{}},{"ancestorTitles":["Search Module","InstantSearchHitTemplate"],"fullName":"Search Module InstantSearchHitTemplate should handle hits without highlighted content","status":"passed","title":"should handle hits without highlighted content","duration":0.8974349999999731,"failureMessages":[],"meta":{}},{"ancestorTitles":["Search Module","InstantSearchHitTemplate"],"fullName":"Search Module InstantSearchHitTemplate should handle errors and return 'invalid HTML'","status":"passed","title":"should handle errors and return 'invalid HTML'","duration":3.2267289999999775,"failureMessages":[],"meta":{}},{"ancestorTitles":["Search Module","CreateSearch"],"fullName":"Search Module CreateSearch should create a search instance with the correct configuration","status":"passed","title":"should create a search instance with the correct configuration","duration":2.2931989999999587,"failureMessages":[],"meta":{}},{"ancestorTitles":["Search Module","CreateAutoComplete"],"fullName":"Search Module CreateAutoComplete should create an autocomplete instance with correct configuration","status":"skipped","title":"should create an autocomplete instance with correct configuration","failureMessages":[],"meta":{}},{"ancestorTitles":["Search Module","CreateAutoComplete"],"fullName":"Search Module CreateAutoComplete should handle element not found error","status":"skipped","title":"should handle element not found error","failureMessages":[],"meta":{}},{"ancestorTitles":["Search Module","CreateAutoComplete"],"fullName":"Search Module CreateAutoComplete should handle autocompleteId with or without # prefix","status":"skipped","title":"should handle autocompleteId with or without # prefix","failureMessages":[],"meta":{}}],"startTime":1783429485991,"endTime":1783429486008.2932,"status":"passed","message":"","name":"/home/runner/work/blog7/blog7/src/__tests__/search.test.ts"},{"assertionResults":[{"ancestorTitles":["Shared Utility Functions","MakeBackLinkHTML"],"fullName":"Shared Utility Functions MakeBackLinkHTML should generate correct HTML for a backlink","status":"passed","title":"should generate correct HTML for a backlink","duration":1.7058550000000423,"failureMessages":[],"meta":{}},{"ancestorTitles":["Shared Utility Functions","random_from_list"],"fullName":"Shared Utility Functions random_from_list should return an element from the list","status":"passed","title":"should return an element from the list","duration":0.9737340000000358,"failureMessages":[],"meta":{}},{"ancestorTitles":["Shared Utility Functions","random_from_list"],"fullName":"Shared Utility Functions random_from_list should return undefined for empty list","status":"passed","title":"should return undefined for empty list","duration":0.36016399999994064,"failureMessages":[],"meta":{}},{"ancestorTitles":["Shared Utility Functions","random_from_list"],"fullName":"Shared Utility Functions random_from_list should have a roughly even distribution over many calls","status":"passed","title":"should have a roughly even distribution over many calls","duration":1.1534900000000334,"failureMessages":[],"meta":{}},{"ancestorTitles":["Shared Utility Functions","shuffle"],"fullName":"Shared Utility Functions shuffle should return an array of the same length","status":"passed","title":"should return an array of the same length","duration":0.3385839999999689,"failureMessages":[],"meta":{}},{"ancestorTitles":["Shared Utility Functions","shuffle"],"fullName":"Shared Utility Functions shuffle should contain all the same elements","status":"passed","title":"should contain all the same elements","duration":0.7868439999999737,"failureMessages":[],"meta":{}},{"ancestorTitles":["Shared Utility Functions","shuffle"],"fullName":"Shared Utility Functions shuffle should change the order of elements (most of the time)","status":"passed","title":"should change the order of elements (most of the time)","duration":0.3438140000000658,"failureMessages":[],"meta":{}},{"ancestorTitles":["Shared Utility Functions","append_randomizer_div"],"fullName":"Shared Utility Functions append_randomizer_div should not append anything if parent is not found","status":"passed","title":"should not append anything if parent is not found","duration":4.922958999999992,"failureMessages":[],"meta":{}},{"ancestorTitles":["Shared Utility Functions","append_randomizer_div"],"fullName":"Shared Utility Functions append_randomizer_div should append content from the factory when parent is found","status":"passed","title":"should append content from the factory when parent is found","duration":4.145302999999899,"failureMessages":[],"meta":{}},{"ancestorTitles":["Shared Utility Functions","append_randomizer_div"],"fullName":"Shared Utility Functions append_randomizer_div should handle click events on non-link elements","status":"passed","title":"should handle click events on non-link elements","duration":1.415140000000065,"failureMessages":[],"meta":{}},{"ancestorTitles":["Shared Utility Functions","append_randomizer_div"],"fullName":"Shared Utility Functions append_randomizer_div should not regenerate content when clicking on a link","status":"passed","title":"should not regenerate content when clicking on a link","duration":1.0676789999999983,"failureMessages":[],"meta":{}},{"ancestorTitles":["Shared Utility Functions","makeRedirectUrl"],"fullName":"Shared Utility Functions makeRedirectUrl should generate correct URL with path only","status":"passed","title":"should generate correct URL with path only","duration":0.20129700000006778,"failureMessages":[],"meta":{}},{"ancestorTitles":["Shared Utility Functions","makeRedirectUrl"],"fullName":"Shared Utility Functions makeRedirectUrl should generate correct URL with path and anchor","status":"passed","title":"should generate correct URL with path and anchor","duration":0.1558830000000171,"failureMessages":[],"meta":{}},{"ancestorTitles":["Shared Utility Functions","makeRedirectUrl"],"fullName":"Shared Utility Functions makeRedirectUrl should handle special characters in path","status":"passed","title":"should handle special characters in path","duration":0.5057669999999916,"failureMessages":[],"meta":{}},{"ancestorTitles":["Shared Utility Functions","makeRedirectUrl"],"fullName":"Shared Utility Functions makeRedirectUrl should handle empty anchor gracefully","status":"passed","title":"should handle empty anchor gracefully","duration":0.21235799999999472,"failureMessages":[],"meta":{}},{"ancestorTitles":["Shared Utility Functions","makeRedirectUrl"],"fullName":"Shared Utility Functions makeRedirectUrl should handle undefined anchor","status":"passed","title":"should handle undefined anchor","duration":0.11937399999999343,"failureMessages":[],"meta":{}}],"startTime":1783429483633,"endTime":1783429483652.5059,"status":"passed","message":"","name":"/home/runner/work/blog7/blog7/src/__tests__/shared.test.ts"},{"assertionResults":[{"ancestorTitles":["Summarize Page Functionality"],"fullName":"Summarize Page Functionality should not create duplicate entries when processing summary links","status":"passed","title":"should not create duplicate entries when processing summary links","duration":2.063633999999979,"failureMessages":[],"meta":{}},{"ancestorTitles":["Summarize Page Functionality"],"fullName":"Summarize Page Functionality should handle redirects correctly without duplication","status":"passed","title":"should handle redirects correctly without duplication","duration":1.5037459999999783,"failureMessages":[],"meta":{}},{"ancestorTitles":["Summarize Page Functionality"],"fullName":"Summarize Page Functionality should identify the root cause of duplicate related posts","status":"passed","title":"should identify the root cause of duplicate related posts","duration":0.8082630000000108,"failureMessages":[],"meta":{}}],"startTime":1783429485191,"endTime":1783429485195.8083,"status":"passed","message":"","name":"/home/runner/work/blog7/blog7/src/__tests__/summarize-page.test.ts"},{"assertionResults":[{"ancestorTitles":["SwapProdAndTest","isDevOrigin"],"fullName":"SwapProdAndTest isDevOrigin should return true for localhost (any port)","status":"passed","title":"should return true for localhost (any port)","duration":2.543062000000077,"failureMessages":[],"meta":{}},{"ancestorTitles":["SwapProdAndTest","isDevOrigin"],"fullName":"SwapProdAndTest isDevOrigin should return true for 127.0.0.1","status":"passed","title":"should return true for 127.0.0.1","duration":0.35866199999998116,"failureMessages":[],"meta":{}},{"ancestorTitles":["SwapProdAndTest","isDevOrigin"],"fullName":"SwapProdAndTest isDevOrigin should return true for .ts.net (Tailscale)","status":"passed","title":"should return true for .ts.net (Tailscale)","duration":0.46910800000000563,"failureMessages":[],"meta":{}},{"ancestorTitles":["SwapProdAndTest","isDevOrigin"],"fullName":"SwapProdAndTest isDevOrigin should return true for non-standard port on unknown host","status":"passed","title":"should return true for non-standard port on unknown host","duration":0.2990100000000666,"failureMessages":[],"meta":{}},{"ancestorTitles":["SwapProdAndTest","isDevOrigin"],"fullName":"SwapProdAndTest isDevOrigin should return false for prod (no port)","status":"passed","title":"should return false for prod (no port)","duration":0.2147019999999884,"failureMessages":[],"meta":{}},{"ancestorTitles":["SwapProdAndTest","isDevOrigin"],"fullName":"SwapProdAndTest isDevOrigin should return false for standard ports on unknown hosts","status":"passed","title":"should return false for standard ports on unknown hosts","duration":0.45052399999997306,"failureMessages":[],"meta":{}},{"ancestorTitles":["SwapProdAndTest","isDevOrigin"],"fullName":"SwapProdAndTest isDevOrigin should return false for external sites","status":"passed","title":"should return false for external sites","duration":0.3019160000000056,"failureMessages":[],"meta":{}},{"ancestorTitles":["SwapProdAndTest","isDevOrigin"],"fullName":"SwapProdAndTest isDevOrigin should return false for invalid URLs","status":"passed","title":"should return false for invalid URLs","duration":1.7426130000000057,"failureMessages":[],"meta":{}},{"ancestorTitles":["SwapProdAndTest","isProduction"],"fullName":"SwapProdAndTest isProduction should return true for idvork.in","status":"passed","title":"should return true for idvork.in","duration":0.38247599999999693,"failureMessages":[],"meta":{}},{"ancestorTitles":["SwapProdAndTest","isProduction"],"fullName":"SwapProdAndTest isProduction should return false for localhost","status":"passed","title":"should return false for localhost","duration":0.26283300000000054,"failureMessages":[],"meta":{}},{"ancestorTitles":["SwapProdAndTest","isProduction"],"fullName":"SwapProdAndTest isProduction should not false-positive on idvork.in in query string","status":"passed","title":"should not false-positive on idvork.in in query string","duration":0.2059359999999515,"failureMessages":[],"meta":{}},{"ancestorTitles":["SwapProdAndTest","localhost → prod"],"fullName":"SwapProdAndTest localhost → prod should navigate to prod with clean URL","status":"passed","title":"should navigate to prod with clean URL","duration":0.298088000000007,"failureMessages":[],"meta":{}},{"ancestorTitles":["SwapProdAndTest","localhost → prod"],"fullName":"SwapProdAndTest localhost → prod should preserve hash","status":"passed","title":"should preserve hash","duration":0.2409820000000309,"failureMessages":[],"meta":{}},{"ancestorTitles":["SwapProdAndTest","localhost → prod"],"fullName":"SwapProdAndTest localhost → prod should preserve query string","status":"passed","title":"should preserve query string","duration":0.6065059999999676,"failureMessages":[],"meta":{}},{"ancestorTitles":["SwapProdAndTest","localhost → prod"],"fullName":"SwapProdAndTest localhost → prod should save origin to localStorage","status":"passed","title":"should save origin to localStorage","duration":0.2093720000000303,"failureMessages":[],"meta":{}},{"ancestorTitles":["SwapProdAndTest","Tailscale → prod"],"fullName":"SwapProdAndTest Tailscale → prod should navigate to prod with clean URL","status":"passed","title":"should navigate to prod with clean URL","duration":0.1452319999999645,"failureMessages":[],"meta":{}},{"ancestorTitles":["SwapProdAndTest","Tailscale → prod"],"fullName":"SwapProdAndTest Tailscale → prod should save Tailscale origin to localStorage","status":"passed","title":"should save Tailscale origin to localStorage","duration":0.2145620000000008,"failureMessages":[],"meta":{}},{"ancestorTitles":["SwapProdAndTest","prod → dev"],"fullName":"SwapProdAndTest prod → dev should fallback to localhost:4000 when no stored origin","status":"passed","title":"should fallback to localhost:4000 when no stored origin","duration":0.2847829999999476,"failureMessages":[],"meta":{}},{"ancestorTitles":["SwapProdAndTest","prod → dev"],"fullName":"SwapProdAndTest prod → dev should use stored localhost origin","status":"passed","title":"should use stored localhost origin","duration":0.21319000000005417,"failureMessages":[],"meta":{}},{"ancestorTitles":["SwapProdAndTest","prod → dev"],"fullName":"SwapProdAndTest prod → dev should use stored Tailscale origin","status":"passed","title":"should use stored Tailscale origin","duration":0.21625399999993533,"failureMessages":[],"meta":{}},{"ancestorTitles":["SwapProdAndTest","prod → dev"],"fullName":"SwapProdAndTest prod → dev should preserve hash","status":"passed","title":"should preserve hash","duration":0.24111200000004374,"failureMessages":[],"meta":{}},{"ancestorTitles":["SwapProdAndTest","prod → dev"],"fullName":"SwapProdAndTest prod → dev should not overwrite localStorage when reading from prod","status":"passed","title":"should not overwrite localStorage when reading from prod","duration":0.2074680000000626,"failureMessages":[],"meta":{}},{"ancestorTitles":["SwapProdAndTest","saveDevOriginFromReferrer"],"fullName":"SwapProdAndTest saveDevOriginFromReferrer should save dev origin from referrer (origin-only, as browsers send)","status":"passed","title":"should save dev origin from referrer (origin-only, as browsers send)","duration":0.3533319999999094,"failureMessages":[],"meta":{}},{"ancestorTitles":["SwapProdAndTest","saveDevOriginFromReferrer"],"fullName":"SwapProdAndTest saveDevOriginFromReferrer should save Tailscale origin from referrer","status":"passed","title":"should save Tailscale origin from referrer","duration":0.24906699999996817,"failureMessages":[],"meta":{}},{"ancestorTitles":["SwapProdAndTest","saveDevOriginFromReferrer"],"fullName":"SwapProdAndTest saveDevOriginFromReferrer should NOT save prod origin from referrer","status":"passed","title":"should NOT save prod origin from referrer","duration":0.24448799999993298,"failureMessages":[],"meta":{}},{"ancestorTitles":["SwapProdAndTest","saveDevOriginFromReferrer"],"fullName":"SwapProdAndTest saveDevOriginFromReferrer should NOT save standard-port origins (google, etc.)","status":"passed","title":"should NOT save standard-port origins (google, etc.)","duration":0.20773899999994683,"failureMessages":[],"meta":{}},{"ancestorTitles":["SwapProdAndTest","saveDevOriginFromReferrer"],"fullName":"SwapProdAndTest saveDevOriginFromReferrer should do nothing when referrer is empty","status":"passed","title":"should do nothing when referrer is empty","duration":0.22198600000001534,"failureMessages":[],"meta":{}},{"ancestorTitles":["SwapProdAndTest","round-trip: dev → prod → dev"],"fullName":"SwapProdAndTest round-trip: dev → prod → dev should round-trip via localStorage + referrer","status":"passed","title":"should round-trip via localStorage + referrer","duration":0.4532890000000407,"failureMessages":[],"meta":{}}],"startTime":1783429484495,"endTime":1783429484508.4534,"status":"passed","message":"","name":"/home/runner/work/blog7/blog7/src/__tests__/swap-prod-test.test.ts"},{"assertionResults":[{"ancestorTitles":["TOC Generation with header icons"],"fullName":"TOC Generation with header icons should exclude header icon elements when generating TOC text","status":"passed","title":"should exclude header icon elements when generating TOC text","duration":10.294355999999993,"failureMessages":[],"meta":{}},{"ancestorTitles":["TOC Generation with header icons"],"fullName":"TOC Generation with header icons should handle headers with nested non-icon elements correctly","status":"passed","title":"should handle headers with nested non-icon elements correctly","duration":1.90653999999995,"failureMessages":[],"meta":{}},{"ancestorTitles":["TOC Generation with header icons"],"fullName":"TOC Generation with header icons should handle headers with only text content","status":"passed","title":"should handle headers with only text content","duration":1.0125659999999925,"failureMessages":[],"meta":{}},{"ancestorTitles":["TOC Generation with header icons"],"fullName":"TOC Generation with header icons should properly escape quotes in TOC text","status":"passed","title":"should properly escape quotes in TOC text","duration":2.1812110000000757,"failureMessages":[],"meta":{}},{"ancestorTitles":["TOC Generation with header icons"],"fullName":"TOC Generation with header icons should handle empty headers gracefully","status":"passed","title":"should handle empty headers gracefully","duration":1.233410000000049,"failureMessages":[],"meta":{}}],"startTime":1783429485245,"endTime":1783429485261.2334,"status":"passed","message":"","name":"/home/runner/work/blog7/blog7/src/__tests__/toc-generation.test.ts"}]}