{"numTotalTestSuites":125,"numPassedTestSuites":125,"numFailedTestSuites":0,"numPendingTestSuites":0,"numTotalTests":261,"numPassedTests":256,"numFailedTests":0,"numPendingTests":5,"numTodoTests":0,"snapshot":{"added":0,"failure":false,"filesAdded":0,"filesRemoved":0,"filesRemovedList":[],"filesUnmatched":0,"filesUpdated":0,"matched":0,"total":0,"unchecked":0,"uncheckedKeysByFile":[],"unmatched":0,"updated":0,"didUpdate":false},"startTime":1773543495641,"success":true,"testResults":[{"assertionResults":[{"ancestorTitles":["Blogger Import Module","add_imported_blog_posts"],"fullName":"Blogger Import Module add_imported_blog_posts should fetch and process blog posts","status":"passed","title":"should fetch and process blog posts","duration":6.134619999999927,"failureMessages":[],"meta":{}},{"ancestorTitles":["Blogger Import Module","add_eulogy_roles"],"fullName":"Blogger Import Module add_eulogy_roles should fetch and process eulogy roles","status":"passed","title":"should fetch and process eulogy roles","duration":1.042825999999991,"failureMessages":[],"meta":{}},{"ancestorTitles":["Blogger Import Module","html_for_role"],"fullName":"Blogger Import Module html_for_role should generate HTML for a role","status":"passed","title":"should generate HTML for a role","duration":0.8849069999999983,"failureMessages":[],"meta":{}}],"startTime":1773543500362,"endTime":1773543500370.885,"status":"passed","message":"","name":"/home/runner/work/blog7/blog7/src/__tests__/blogger_import.test.ts"},{"assertionResults":[{"ancestorTitles":["dev-info","isDevServer"],"fullName":"dev-info isDevServer should return true for localhost","status":"passed","title":"should return true for localhost","duration":1.4926360000000045,"failureMessages":[],"meta":{}},{"ancestorTitles":["dev-info","isDevServer"],"fullName":"dev-info isDevServer should return true for 127.0.0.1","status":"passed","title":"should return true for 127.0.0.1","duration":0.1985199999999736,"failureMessages":[],"meta":{}},{"ancestorTitles":["dev-info","isDevServer"],"fullName":"dev-info isDevServer should return false for production domain","status":"passed","title":"should return false for production domain","duration":0.2664320000000089,"failureMessages":[],"meta":{}},{"ancestorTitles":["dev-info","getCurrentPort"],"fullName":"dev-info getCurrentPort should return port when specified","status":"passed","title":"should return port when specified","duration":0.2735640000000217,"failureMessages":[],"meta":{}},{"ancestorTitles":["dev-info","getCurrentPort"],"fullName":"dev-info getCurrentPort should return 80 when no port specified","status":"passed","title":"should return 80 when no port specified","duration":0.20583100000004606,"failureMessages":[],"meta":{}},{"ancestorTitles":["dev-info","getCurrentPort"],"fullName":"dev-info getCurrentPort should return 4000 for Jekyll default","status":"passed","title":"should return 4000 for Jekyll default","duration":0.1298659999999927,"failureMessages":[],"meta":{}},{"ancestorTitles":["dev-info","getCurrentPR"],"fullName":"dev-info getCurrentPR should return PR number when global variable is set","status":"passed","title":"should return PR number when global variable is set","duration":1.65560099999999,"failureMessages":[],"meta":{}},{"ancestorTitles":["dev-info","getCurrentPR"],"fullName":"dev-info getCurrentPR should return null when PR is not set","status":"passed","title":"should return null when PR is not set","duration":0.27560599999998203,"failureMessages":[],"meta":{}},{"ancestorTitles":["dev-info","getCurrentPR"],"fullName":"dev-info getCurrentPR should return null when PR is not a number","status":"passed","title":"should return null when PR is not a number","duration":0.34733499999998685,"failureMessages":[],"meta":{}}],"startTime":1773543500794,"endTime":1773543500799.3474,"status":"passed","message":"","name":"/home/runner/work/blog7/blog7/src/__tests__/dev-info.test.ts"},{"assertionResults":[{"ancestorTitles":["DOM Helper Functions","toggleClass"],"fullName":"DOM Helper Functions toggleClass should toggle a class on an element when using a selector","status":"passed","title":"should toggle a class on an element when using a selector","duration":11.133633000000032,"failureMessages":[],"meta":{}},{"ancestorTitles":["DOM Helper Functions","toggleClass"],"fullName":"DOM Helper Functions toggleClass should toggle a class on an element when using an element reference","status":"passed","title":"should toggle a class on an element when using an element reference","duration":1.2184510000000728,"failureMessages":[],"meta":{}},{"ancestorTitles":["DOM Helper Functions","toggleClass"],"fullName":"DOM Helper Functions toggleClass should add a class when force parameter is true","status":"passed","title":"should add a class when force parameter is true","duration":2.067574000000036,"failureMessages":[],"meta":{}},{"ancestorTitles":["DOM Helper Functions","toggleClass"],"fullName":"DOM Helper Functions toggleClass should remove a class when force parameter is false","status":"passed","title":"should remove a class when force parameter is false","duration":1.6387760000000071,"failureMessages":[],"meta":{}},{"ancestorTitles":["DOM Helper Functions","toggleClass"],"fullName":"DOM Helper Functions toggleClass should return null when element is not found","status":"passed","title":"should return null when element is not found","duration":0.9544020000000728,"failureMessages":[],"meta":{}},{"ancestorTitles":["DOM Helper Functions","createElement"],"fullName":"DOM Helper Functions createElement should create an element with the specified tag","status":"passed","title":"should create an element with the specified tag","duration":1.1160170000000562,"failureMessages":[],"meta":{}},{"ancestorTitles":["DOM Helper Functions","createElement"],"fullName":"DOM Helper Functions createElement should set attributes on the created element","status":"passed","title":"should set attributes on the created element","duration":1.581519999999955,"failureMessages":[],"meta":{}},{"ancestorTitles":["DOM Helper Functions","createElement"],"fullName":"DOM Helper Functions createElement should append text children to the element","status":"passed","title":"should append text children to the element","duration":0.9262790000000223,"failureMessages":[],"meta":{}},{"ancestorTitles":["DOM Helper Functions","createElement"],"fullName":"DOM Helper Functions createElement should append node children to the element","status":"passed","title":"should append node children to the element","duration":1.2372300000000678,"failureMessages":[],"meta":{}},{"ancestorTitles":["DOM Helper Functions","createElement"],"fullName":"DOM Helper Functions createElement should handle mixed text and node children","status":"passed","title":"should handle mixed text and node children","duration":1.1920110000000932,"failureMessages":[],"meta":{}},{"ancestorTitles":["DOM Helper Functions","findClosestParent"],"fullName":"DOM Helper Functions findClosestParent should find the immediate parent element matching a selector","status":"passed","title":"should find the immediate parent element matching a selector","duration":1.6061779999999999,"failureMessages":[],"meta":{}},{"ancestorTitles":["DOM Helper Functions","findClosestParent"],"fullName":"DOM Helper Functions findClosestParent should find a distant parent element matching a selector","status":"passed","title":"should find a distant parent element matching a selector","duration":1.645727000000079,"failureMessages":[],"meta":{}},{"ancestorTitles":["DOM Helper Functions","findClosestParent"],"fullName":"DOM Helper Functions findClosestParent should find a parent element by class selector","status":"passed","title":"should find a parent element by class selector","duration":1.1248600000000124,"failureMessages":[],"meta":{}},{"ancestorTitles":["DOM Helper Functions","findClosestParent"],"fullName":"DOM Helper Functions findClosestParent should return null when no matching parent is found","status":"passed","title":"should return null when no matching parent is found","duration":1.4821600000000217,"failureMessages":[],"meta":{}}],"startTime":1773543498075,"endTime":1773543498104.4822,"status":"passed","message":"","name":"/home/runner/work/blog7/blog7/src/__tests__/dom-helpers.test.ts"},{"assertionResults":[{"ancestorTitles":["FeaturedCollapseManager","initialization"],"fullName":"FeaturedCollapseManager initialization should initialize successfully when elements exist","status":"passed","title":"should initialize successfully when elements exist","duration":8.116464999999948,"failureMessages":[],"meta":{}},{"ancestorTitles":["FeaturedCollapseManager","initialization"],"fullName":"FeaturedCollapseManager initialization should return false when button element is missing","status":"passed","title":"should return false when button element is missing","duration":3.1619080000000395,"failureMessages":[],"meta":{}},{"ancestorTitles":["FeaturedCollapseManager","initialization"],"fullName":"FeaturedCollapseManager initialization should return false when content element is missing","status":"passed","title":"should return false when content element is missing","duration":1.224399999999946,"failureMessages":[],"meta":{}},{"ancestorTitles":["FeaturedCollapseManager","initialization"],"fullName":"FeaturedCollapseManager initialization should warn when elements are not found","status":"passed","title":"should warn when elements are not found","duration":2.6912569999999505,"failureMessages":[],"meta":{}},{"ancestorTitles":["FeaturedCollapseManager","state management"],"fullName":"FeaturedCollapseManager state management should start in expanded state","status":"passed","title":"should start in expanded state","duration":2.016232000000059,"failureMessages":[],"meta":{}},{"ancestorTitles":["FeaturedCollapseManager","state management"],"fullName":"FeaturedCollapseManager state management should toggle to collapsed state","status":"passed","title":"should toggle to collapsed state","duration":1.80604900000003,"failureMessages":[],"meta":{}},{"ancestorTitles":["FeaturedCollapseManager","state management"],"fullName":"FeaturedCollapseManager state management should toggle back to expanded state","status":"passed","title":"should toggle back to expanded state","duration":1.7921179999999595,"failureMessages":[],"meta":{}},{"ancestorTitles":["FeaturedCollapseManager","state management"],"fullName":"FeaturedCollapseManager state management should collapse directly","status":"passed","title":"should collapse directly","duration":1.0807230000000345,"failureMessages":[],"meta":{}},{"ancestorTitles":["FeaturedCollapseManager","state management"],"fullName":"FeaturedCollapseManager state management should expand directly","status":"passed","title":"should expand directly","duration":1.310901000000058,"failureMessages":[],"meta":{}},{"ancestorTitles":["FeaturedCollapseManager","click handling"],"fullName":"FeaturedCollapseManager click handling should toggle state on button click","status":"passed","title":"should toggle state on button click","duration":1.39884399999994,"failureMessages":[],"meta":{}},{"ancestorTitles":["FeaturedCollapseManager","click handling"],"fullName":"FeaturedCollapseManager click handling should prevent default action on click","status":"passed","title":"should prevent default action on click","duration":0.9187689999999975,"failureMessages":[],"meta":{}},{"ancestorTitles":["FeaturedCollapseManager","click handling"],"fullName":"FeaturedCollapseManager click handling should handle multiple clicks correctly","status":"passed","title":"should handle multiple clicks correctly","duration":1.0171169999999847,"failureMessages":[],"meta":{}},{"ancestorTitles":["FeaturedCollapseManager","helper methods"],"fullName":"FeaturedCollapseManager helper methods should return elements via getElements","status":"passed","title":"should return elements via getElements","duration":0.5014679999999316,"failureMessages":[],"meta":{}},{"ancestorTitles":["FeaturedCollapseManager","helper methods"],"fullName":"FeaturedCollapseManager helper methods should return state copy via getState","status":"passed","title":"should return state copy via getState","duration":0.7446649999999408,"failureMessages":[],"meta":{}},{"ancestorTitles":["FeaturedCollapseManager","setupFeaturedCollapse helper"],"fullName":"FeaturedCollapseManager setupFeaturedCollapse helper should return manager when elements exist","status":"passed","title":"should return manager when elements exist","duration":0.5895709999999781,"failureMessages":[],"meta":{}},{"ancestorTitles":["FeaturedCollapseManager","setupFeaturedCollapse helper"],"fullName":"FeaturedCollapseManager setupFeaturedCollapse helper should return null when elements do not exist","status":"passed","title":"should return null when elements do not exist","duration":0.7464579999999614,"failureMessages":[],"meta":{}},{"ancestorTitles":["FeaturedCollapseManager","custom element IDs"],"fullName":"FeaturedCollapseManager custom element IDs should work with custom button and content IDs","status":"passed","title":"should work with custom button and content IDs","duration":0.7461270000000013,"failureMessages":[],"meta":{}},{"ancestorTitles":["FeaturedCollapseManager","edge cases"],"fullName":"FeaturedCollapseManager edge cases should handle updateUI gracefully when elements are missing","status":"passed","title":"should handle updateUI gracefully when elements are missing","duration":1.3729450000000725,"failureMessages":[],"meta":{}},{"ancestorTitles":["FeaturedCollapseManager","edge cases"],"fullName":"FeaturedCollapseManager edge cases should maintain state even when UI update fails","status":"passed","title":"should maintain state even when UI update fails","duration":7.297647999999981,"failureMessages":[],"meta":{}},{"ancestorTitles":["FeaturedCollapseManager","localStorage persistence"],"fullName":"FeaturedCollapseManager localStorage persistence should save collapsed state to localStorage","status":"passed","title":"should save collapsed state to localStorage","duration":0.431671999999935,"failureMessages":[],"meta":{}},{"ancestorTitles":["FeaturedCollapseManager","localStorage persistence"],"fullName":"FeaturedCollapseManager localStorage persistence should save expanded state to localStorage","status":"passed","title":"should save expanded state to localStorage","duration":0.46573399999999765,"failureMessages":[],"meta":{}},{"ancestorTitles":["FeaturedCollapseManager","localStorage persistence"],"fullName":"FeaturedCollapseManager localStorage persistence should load collapsed state from localStorage on initialization","status":"passed","title":"should load collapsed state from localStorage on initialization","duration":0.5436709999999039,"failureMessages":[],"meta":{}},{"ancestorTitles":["FeaturedCollapseManager","localStorage persistence"],"fullName":"FeaturedCollapseManager localStorage persistence should load expanded state from localStorage on initialization","status":"passed","title":"should load expanded state from localStorage on initialization","duration":0.4421980000000758,"failureMessages":[],"meta":{}},{"ancestorTitles":["FeaturedCollapseManager","localStorage persistence"],"fullName":"FeaturedCollapseManager localStorage persistence should handle localStorage errors gracefully","status":"passed","title":"should handle localStorage errors gracefully","duration":0.6806879999999182,"failureMessages":[],"meta":{}},{"ancestorTitles":["FeaturedCollapseManager","localStorage persistence"],"fullName":"FeaturedCollapseManager localStorage persistence should clear saved state","status":"passed","title":"should clear saved state","duration":0.6123900000000049,"failureMessages":[],"meta":{}},{"ancestorTitles":["FeaturedCollapseManager","localStorage persistence"],"fullName":"FeaturedCollapseManager localStorage persistence should use custom storage key when provided","status":"passed","title":"should use custom storage key when provided","duration":0.404892000000018,"failureMessages":[],"meta":{}}],"startTime":1773543497404,"endTime":1773543497447.4048,"status":"passed","message":"","name":"/home/runner/work/blog7/blog7/src/__tests__/featured-collapse.test.ts"},{"assertionResults":[{"ancestorTitles":["Featured Posts","Homepage Featured Posts"],"fullName":"Featured Posts Homepage Featured Posts should fetch featured posts from backlinks data","status":"passed","title":"should fetch featured posts from backlinks data","duration":2.677985999999919,"failureMessages":[],"meta":{}},{"ancestorTitles":["Featured Posts","Homepage Featured Posts"],"fullName":"Featured Posts Homepage Featured Posts should fetch from backlinks instead of Algolia search","status":"passed","title":"should fetch from backlinks instead of Algolia search","duration":1.5555810000000747,"failureMessages":[],"meta":{}},{"ancestorTitles":["Featured Posts","Homepage Featured Posts"],"fullName":"Featured Posts Homepage Featured Posts should truncate long descriptions to 150 characters","status":"passed","title":"should truncate long descriptions to 150 characters","duration":0.7028020000000197,"failureMessages":[],"meta":{}},{"ancestorTitles":["Featured Posts","Featured Page Data Structure"],"fullName":"Featured Posts Featured Page Data Structure should have correct data structure for featured.yml","status":"passed","title":"should have correct data structure for featured.yml","duration":1.565195000000017,"failureMessages":[],"meta":{}},{"ancestorTitles":["Featured Posts","Featured Page Data Structure"],"fullName":"Featured Posts Featured Page Data Structure should render featured posts fetched from backlinks","status":"passed","title":"should render featured posts fetched from backlinks","duration":0.7520970000000489,"failureMessages":[],"meta":{}}],"startTime":1773543500300,"endTime":1773543500307.7522,"status":"passed","message":"","name":"/home/runner/work/blog7/blog7/src/__tests__/featured-posts.test.ts"},{"assertionResults":[{"ancestorTitles":["get_link_info"],"fullName":"get_link_info should fetch link info from local path when not in production","status":"passed","title":"should fetch link info from local path when not in production","duration":5.45000600000003,"failureMessages":[],"meta":{}},{"ancestorTitles":["get_link_info"],"fullName":"get_link_info should fetch link info from GitHub when in production","status":"passed","title":"should fetch link info from GitHub when in production","duration":1.8877120000000787,"failureMessages":[],"meta":{}},{"ancestorTitles":["get_link_info"],"fullName":"get_link_info should handle fetch errors gracefully","status":"passed","title":"should handle fetch errors gracefully","duration":1.711830999999961,"failureMessages":[],"meta":{}},{"ancestorTitles":["get_link_info"],"fullName":"get_link_info should cache responses and not make additional requests","status":"passed","title":"should cache responses and not make additional requests","duration":1.4322839999999815,"failureMessages":[],"meta":{}}],"startTime":1773543499628,"endTime":1773543499638.4324,"status":"passed","message":"","name":"/home/runner/work/blog7/blog7/src/__tests__/get-link-info.test.ts"},{"assertionResults":[{"ancestorTitles":["Graph Module"],"fullName":"Graph Module should log that Force Graph is loaded","status":"passed","title":"should log that Force Graph is loaded","duration":27.1948450000001,"failureMessages":[],"meta":{}},{"ancestorTitles":["Graph Module"],"fullName":"Graph Module should initialize the graph when the DOM element exists","status":"skipped","title":"should initialize the graph when the DOM element exists","failureMessages":[],"meta":{}},{"ancestorTitles":["Graph Module"],"fullName":"Graph Module should not initialize the graph when the DOM element doesn't exist","status":"passed","title":"should not initialize the graph when the DOM element doesn't exist","duration":3.360017999999968,"failureMessages":[],"meta":{}},{"ancestorTitles":["Graph Module"],"fullName":"Graph Module should handle ForceGraph not being defined","status":"passed","title":"should handle ForceGraph not being defined","duration":2.0281549999999697,"failureMessages":[],"meta":{}},{"ancestorTitles":["Graph Module"],"fullName":"Graph Module should handle node canvas object rendering","status":"passed","title":"should handle node canvas object rendering","duration":1.816714999999931,"failureMessages":[],"meta":{}},{"ancestorTitles":["Graph Module"],"fullName":"Graph Module should handle goto control click","status":"passed","title":"should handle goto control click","duration":1.10665199999994,"failureMessages":[],"meta":{}},{"ancestorTitles":["Graph Module"],"fullName":"Graph Module should build graph data correctly","status":"passed","title":"should build graph data correctly","duration":1.5648240000000442,"failureMessages":[],"meta":{}},{"ancestorTitles":["Graph Module"],"fullName":"Graph Module should update detail with node information","status":"passed","title":"should update detail with node information","duration":2.3383440000000064,"failureMessages":[],"meta":{}}],"startTime":1773543497363,"endTime":1773543497402.3384,"status":"passed","message":"","name":"/home/runner/work/blog7/blog7/src/__tests__/graph.test.ts"},{"assertionResults":[{"ancestorTitles":["Header Copy Link","URL Transformation"],"fullName":"Header Copy Link URL Transformation should transform localhost URL to production domain","status":"passed","title":"should transform localhost URL to production domain","duration":15.070048000000043,"failureMessages":[],"meta":{}},{"ancestorTitles":["Header Copy Link","URL Transformation"],"fullName":"Header Copy Link URL Transformation should handle production domain mapping correctly","status":"passed","title":"should handle production domain mapping correctly","duration":1.5840029999999388,"failureMessages":[],"meta":{}},{"ancestorTitles":["Header Copy Link","Header ID Generation"],"fullName":"Header Copy Link Header ID Generation should use existing header ID if present","status":"passed","title":"should use existing header ID if present","duration":1.6134479999999485,"failureMessages":[],"meta":{}},{"ancestorTitles":["Header Copy Link","Header ID Generation"],"fullName":"Header Copy Link Header ID Generation should generate ID from header text when no ID exists","status":"passed","title":"should generate ID from header text when no ID exists","duration":1.4775129999999308,"failureMessages":[],"meta":{}},{"ancestorTitles":["Header Copy Link","Header ID Generation"],"fullName":"Header Copy Link Header ID Generation should handle special characters in header text","status":"passed","title":"should handle special characters in header text","duration":1.4958900000000313,"failureMessages":[],"meta":{}},{"ancestorTitles":["Header Copy Link","Header ID Generation"],"fullName":"Header Copy Link Header ID Generation should ensure ID uniqueness","status":"passed","title":"should ensure ID uniqueness","duration":2.3081680000000233,"failureMessages":[],"meta":{}},{"ancestorTitles":["Header Copy Link","Copy Functionality"],"fullName":"Header Copy Link Copy Functionality should copy correct URL format","status":"passed","title":"should copy correct URL format","duration":43.716281000000095,"failureMessages":[],"meta":{}},{"ancestorTitles":["Header Copy Link","Copy Functionality"],"fullName":"Header Copy Link Copy Functionality should handle clipboard API failure gracefully","status":"passed","title":"should handle clipboard API failure gracefully","duration":38.75928499999998,"failureMessages":[],"meta":{}},{"ancestorTitles":["Header Copy Link","CSS Styles"],"fullName":"Header Copy Link CSS Styles should add styles only once","status":"passed","title":"should add styles only once","duration":1.5697819999999183,"failureMessages":[],"meta":{}},{"ancestorTitles":["Header Copy Link","CSS Styles"],"fullName":"Header Copy Link CSS Styles should create style element with correct content","status":"passed","title":"should create style element with correct content","duration":1.0772180000000162,"failureMessages":[],"meta":{}},{"ancestorTitles":["Header Copy Link","Integration"],"fullName":"Header Copy Link Integration should add share links to all header types including H1","status":"passed","title":"should add share links to all header types including H1","duration":5.385898999999995,"failureMessages":[],"meta":{}},{"ancestorTitles":["Header Copy Link","Integration"],"fullName":"Header Copy Link Integration should initialize correctly when DOM is ready","status":"passed","title":"should initialize correctly when DOM is ready","duration":1.3915430000000697,"failureMessages":[],"meta":{}},{"ancestorTitles":["Header Copy Link","Integration"],"fullName":"Header Copy Link Integration should wait for DOM ready when loading","status":"passed","title":"should wait for DOM ready when loading","duration":1.5429060000000163,"failureMessages":[],"meta":{}},{"ancestorTitles":["Header Copy Link","Integration"],"fullName":"Header Copy Link Integration should not add duplicate copy links when called multiple times","status":"passed","title":"should not add duplicate copy links when called multiple times","duration":1.2583610000000363,"failureMessages":[],"meta":{}},{"ancestorTitles":["Header Copy Link","Integration"],"fullName":"Header Copy Link Integration should not add duplicate copy links when enableHeaderCopyLinks is called multiple times","status":"passed","title":"should not add duplicate copy links when enableHeaderCopyLinks is called multiple times","duration":1.14483000000007,"failureMessages":[],"meta":{}},{"ancestorTitles":["Header Copy Link","Breadcrumb Format"],"fullName":"Header Copy Link Breadcrumb Format should build breadcrumb with page name and header hierarchy","status":"passed","title":"should build breadcrumb with page name and header hierarchy","duration":0.7123360000000503,"failureMessages":[],"meta":{}},{"ancestorTitles":["Header Copy Link","Breadcrumb Format"],"fullName":"Header Copy Link Breadcrumb Format should convert hyphens to spaces in page name","status":"passed","title":"should convert hyphens to spaces in page name","duration":0.496921000000043,"failureMessages":[],"meta":{}},{"ancestorTitles":["Header Copy Link","Breadcrumb Format"],"fullName":"Header Copy Link Breadcrumb Format should handle index page correctly","status":"passed","title":"should handle index page correctly","duration":0.41725099999996473,"failureMessages":[],"meta":{}},{"ancestorTitles":["Header Copy Link","Breadcrumb Format"],"fullName":"Header Copy Link Breadcrumb Format should show correct hierarchy for AI Journal diary entry","status":"passed","title":"should show correct hierarchy for AI Journal diary entry","duration":0.4101500000000442,"failureMessages":[],"meta":{}},{"ancestorTitles":["Header Copy Link","Breadcrumb Format"],"fullName":"Header Copy Link Breadcrumb Format should handle deeply nested headers with depth limit","status":"passed","title":"should handle deeply nested headers with depth limit","duration":0.5389640000000782,"failureMessages":[],"meta":{}},{"ancestorTitles":["Header Copy Link","Breadcrumb Format"],"fullName":"Header Copy Link Breadcrumb Format should use most recent parent header when duplicates exist","status":"passed","title":"should use most recent parent header when duplicates exist","duration":0.524022000000059,"failureMessages":[],"meta":{}},{"ancestorTitles":["Header Copy Link","Breadcrumb Format"],"fullName":"Header Copy Link Breadcrumb Format should handle missing intermediate header levels","status":"passed","title":"should handle missing intermediate header levels","duration":0.529480000000035,"failureMessages":[],"meta":{}},{"ancestorTitles":["Header Copy Link","Breadcrumb Format"],"fullName":"Header Copy Link Breadcrumb Format should handle AI Journal nested subsection breadcrumb","status":"passed","title":"should handle AI Journal nested subsection breadcrumb","duration":0.5786540000000286,"failureMessages":[],"meta":{}},{"ancestorTitles":["Header Copy Link","GitHub Issue Creation"],"fullName":"Header Copy Link GitHub Issue Creation should add GitHub issue icon alongside copy link icon","status":"passed","title":"should add GitHub issue icon alongside copy link icon","duration":1.0122099999999818,"failureMessages":[],"meta":{}},{"ancestorTitles":["Header Copy Link","GitHub Issue Creation"],"fullName":"Header Copy Link GitHub Issue Creation should show popup when GitHub icon is clicked","status":"passed","title":"should show popup when GitHub icon is clicked","duration":5.383124000000066,"failureMessages":[],"meta":{}},{"ancestorTitles":["Header Copy Link","GitHub Issue Creation"],"fullName":"Header Copy Link GitHub Issue Creation should open GitHub issue with custom description when popup is submitted","status":"passed","title":"should open GitHub issue with custom description when popup is submitted","duration":1.7825129999999945,"failureMessages":[],"meta":{}},{"ancestorTitles":["Header Copy Link","GitHub Issue Creation"],"fullName":"Header Copy Link GitHub Issue Creation should include content excerpt when no custom description provided","status":"passed","title":"should include content excerpt when no custom description provided","duration":1.7161530000000766,"failureMessages":[],"meta":{}},{"ancestorTitles":["Header Copy Link","GitHub Issue Creation"],"fullName":"Header Copy Link GitHub Issue Creation should truncate long content excerpts to 500 characters","status":"passed","title":"should truncate long content excerpts to 500 characters","duration":1.6415009999999484,"failureMessages":[],"meta":{}},{"ancestorTitles":["Header Copy Link","GitHub Issue Creation"],"fullName":"Header Copy Link GitHub Issue Creation should skip empty paragraphs and find first non-empty one","status":"passed","title":"should skip empty paragraphs and find first non-empty one","duration":1.6258960000000116,"failureMessages":[],"meta":{}},{"ancestorTitles":["URL Transformation Logic"],"fullName":"URL Transformation Logic should transform URL correctly: localhost to production with long anchor","status":"passed","title":"should transform URL correctly: localhost to production with long anchor","duration":5.527222000000052,"failureMessages":[],"meta":{}},{"ancestorTitles":["URL Transformation Logic"],"fullName":"URL Transformation Logic should transform URL correctly: production domain mapping","status":"passed","title":"should transform URL correctly: production domain mapping","duration":4.7567169999999805,"failureMessages":[],"meta":{}},{"ancestorTitles":["URL Transformation Logic"],"fullName":"URL Transformation Logic should transform URL correctly: simple case","status":"passed","title":"should transform URL correctly: simple case","duration":5.251095000000078,"failureMessages":[],"meta":{}}],"startTime":1773543496516,"endTime":1773543496670.251,"status":"passed","message":"","name":"/home/runner/work/blog7/blog7/src/__tests__/header-copy-link.test.ts"},{"assertionResults":[{"ancestorTitles":["Index Module"],"fullName":"Index Module should initialize when ready","status":"passed","title":"should initialize when ready","duration":21.342922000000044,"failureMessages":[],"meta":{}}],"startTime":1773543498833,"endTime":1773543498854.343,"status":"passed","message":"","name":"/home/runner/work/blog7/blog7/src/__tests__/index.test.ts"},{"assertionResults":[{"ancestorTitles":["Main module functions","shuffle"],"fullName":"Main module functions shuffle should return an array of the same length","status":"passed","title":"should return an array of the same length","duration":1.897436999999968,"failureMessages":[],"meta":{}},{"ancestorTitles":["Main module functions","shuffle"],"fullName":"Main module functions shuffle should contain all the same elements","status":"passed","title":"should contain all the same elements","duration":1.0697169999999687,"failureMessages":[],"meta":{}},{"ancestorTitles":["Main module functions","random_from_list"],"fullName":"Main module functions random_from_list should return an element from the list","status":"passed","title":"should return an element from the list","duration":1.1106290000000172,"failureMessages":[],"meta":{}},{"ancestorTitles":["Main module functions","random_from_list"],"fullName":"Main module functions random_from_list should return undefined for empty list","status":"passed","title":"should return undefined for empty list","duration":0.2466030000000501,"failureMessages":[],"meta":{}},{"ancestorTitles":["Main module functions","load_globals function"],"fullName":"Main module functions load_globals function should initialize recent posts module","status":"passed","title":"should initialize recent posts module","duration":24.522966999999994,"failureMessages":[],"meta":{}},{"ancestorTitles":["Main module functions","load_globals function"],"fullName":"Main module functions load_globals function should initialize recent all posts if container exists","status":"passed","title":"should initialize recent all posts if container exists","duration":23.71391499999993,"failureMessages":[],"meta":{}},{"ancestorTitles":["Main module functions","load_globals function"],"fullName":"Main module functions load_globals function should not initialize recent all posts if container doesn't exist","status":"passed","title":"should not initialize recent all posts if container doesn't exist","duration":25.030004000000076,"failureMessages":[],"meta":{}},{"ancestorTitles":["Main module functions","load_globals function"],"fullName":"Main module functions load_globals function should call generateToc for both toc containers","status":"passed","title":"should call generateToc for both toc containers","duration":14.351186999999982,"failureMessages":[],"meta":{}},{"ancestorTitles":["Main module functions","TOC functions"],"fullName":"Main module functions TOC functions should warn when TOC elements are not found","status":"passed","title":"should warn when TOC elements are not found","duration":0.5644630000000461,"failureMessages":[],"meta":{}},{"ancestorTitles":["Main module functions","URL swapping function"],"fullName":"Main module functions URL swapping function should handle production URL swapping","status":"passed","title":"should handle production URL swapping","duration":0.44976999999994405,"failureMessages":[],"meta":{}}],"startTime":1773543496550,"endTime":1773543496643.5645,"status":"passed","message":"","name":"/home/runner/work/blog7/blog7/src/__tests__/main.test.ts"},{"assertionResults":[{"ancestorTitles":["Page Loader","makePostPreviewHTML"],"fullName":"Page Loader makePostPreviewHTML should generate correct HTML for a post preview","status":"passed","title":"should generate correct HTML for a post preview","duration":2.856627000000003,"failureMessages":[],"meta":{}},{"ancestorTitles":["Page Loader","makePostPreviewHTML"],"fullName":"Page Loader makePostPreviewHTML should encode URLs correctly","status":"passed","title":"should encode URLs correctly","duration":0.36439099999995506,"failureMessages":[],"meta":{}},{"ancestorTitles":["Page Loader","make_random_post_html"],"fullName":"Page Loader make_random_post_html should generate HTML for a random post","status":"passed","title":"should generate HTML for a random post","duration":1.2346949999999879,"failureMessages":[],"meta":{}},{"ancestorTitles":["Page Loader","make_random_post_html"],"fullName":"Page Loader make_random_post_html should handle errors gracefully","status":"passed","title":"should handle errors gracefully","duration":0.9837559999999712,"failureMessages":[],"meta":{}},{"ancestorTitles":["Page Loader","load_random_eulogy"],"fullName":"Page Loader load_random_eulogy should load random eulogy roles","status":"passed","title":"should load random eulogy roles","duration":1.8685639999999921,"failureMessages":[],"meta":{}},{"ancestorTitles":["Page Loader","load_random_eulogy"],"fullName":"Page Loader load_random_eulogy should use default element IDs if not provided","status":"passed","title":"should use default element IDs if not provided","duration":0.823172999999997,"failureMessages":[],"meta":{}},{"ancestorTitles":["Page Loader","load_random_eulogy"],"fullName":"Page Loader load_random_eulogy should handle errors gracefully","status":"passed","title":"should handle errors gracefully","duration":0.6660510000000386,"failureMessages":[],"meta":{}},{"ancestorTitles":["Page Loader","load_enjoy2"],"fullName":"Page Loader load_enjoy2 should load content for the Enjoy page","status":"passed","title":"should load content for the Enjoy page","duration":2.270369999999957,"failureMessages":[],"meta":{}},{"ancestorTitles":["Page Loader","load_enjoy2"],"fullName":"Page Loader load_enjoy2 should handle errors gracefully","status":"passed","title":"should handle errors gracefully","duration":0.642680999999925,"failureMessages":[],"meta":{}},{"ancestorTitles":["Page Loader","load_7_habits"],"fullName":"Page Loader load_7_habits should load content for the 7 Habits page","status":"passed","title":"should load content for the 7 Habits page","duration":0.9227139999999281,"failureMessages":[],"meta":{}},{"ancestorTitles":["Page Loader","load_7_habits"],"fullName":"Page Loader load_7_habits should handle errors gracefully","status":"passed","title":"should handle errors gracefully","duration":0.46664499999997133,"failureMessages":[],"meta":{}},{"ancestorTitles":["Page Loader","load_ig66"],"fullName":"Page Loader load_ig66 should load content for the IG66 page","status":"passed","title":"should load content for the IG66 page","duration":0.3443600000000515,"failureMessages":[],"meta":{}},{"ancestorTitles":["Page Loader","load_ig66"],"fullName":"Page Loader load_ig66 should handle errors gracefully","status":"passed","title":"should handle errors gracefully","duration":0.4389739999999165,"failureMessages":[],"meta":{}},{"ancestorTitles":["Page Loader","load_balance"],"fullName":"Page Loader load_balance should load content for the Balance page","status":"passed","title":"should load content for the Balance page","duration":0.9678470000000061,"failureMessages":[],"meta":{}},{"ancestorTitles":["Page Loader","load_balance"],"fullName":"Page Loader load_balance should handle errors gracefully","status":"passed","title":"should handle errors gracefully","duration":0.47223399999995763,"failureMessages":[],"meta":{}},{"ancestorTitles":["Page Loader","make_radar_map"],"fullName":"Page Loader make_radar_map should create a radar map visualization","status":"passed","title":"should create a radar map visualization","duration":0.5772019999999429,"failureMessages":[],"meta":{}},{"ancestorTitles":["Page Loader","make_radar_map"],"fullName":"Page Loader make_radar_map should handle missing Plotly","status":"passed","title":"should handle missing Plotly","duration":0.3759580000000824,"failureMessages":[],"meta":{}},{"ancestorTitles":["Page Loader","make_radar_map"],"fullName":"Page Loader make_radar_map should handle errors gracefully","status":"passed","title":"should handle errors gracefully","duration":0.35725000000002183,"failureMessages":[],"meta":{}},{"ancestorTitles":["Page Loader","make_balance_chart_by_work"],"fullName":"Page Loader make_balance_chart_by_work should create a work balance chart","status":"passed","title":"should create a work balance chart","duration":0.6491610000000492,"failureMessages":[],"meta":{}},{"ancestorTitles":["Page Loader","make_balance_chart_by_work"],"fullName":"Page Loader make_balance_chart_by_work should handle missing Plotly","status":"passed","title":"should handle missing Plotly","duration":0.43307500000003074,"failureMessages":[],"meta":{}},{"ancestorTitles":["Page Loader","make_balance_chart_by_work"],"fullName":"Page Loader make_balance_chart_by_work should handle errors gracefully","status":"passed","title":"should handle errors gracefully","duration":0.4669250000000602,"failureMessages":[],"meta":{}},{"ancestorTitles":["Page Loader","make_balance_chart_by_desired_time_rest"],"fullName":"Page Loader make_balance_chart_by_desired_time_rest should create a rest time chart","status":"passed","title":"should create a rest time chart","duration":0.5642030000000204,"failureMessages":[],"meta":{}},{"ancestorTitles":["Page Loader","make_balance_chart_by_desired_time_rest"],"fullName":"Page Loader make_balance_chart_by_desired_time_rest should handle missing Plotly","status":"passed","title":"should handle missing Plotly","duration":0.2840889999999945,"failureMessages":[],"meta":{}},{"ancestorTitles":["Page Loader","make_balance_chart_by_desired_time_rest"],"fullName":"Page Loader make_balance_chart_by_desired_time_rest should handle errors gracefully","status":"passed","title":"should handle errors gracefully","duration":0.29517600000008315,"failureMessages":[],"meta":{}},{"ancestorTitles":["Page Loader","SevenHabits"],"fullName":"Page Loader SevenHabits should create a tree with the correct structure","status":"passed","title":"should create a tree with the correct structure","duration":1.102166000000011,"failureMessages":[],"meta":{}},{"ancestorTitles":["Page Loader","ThingsIEnjoy"],"fullName":"Page Loader ThingsIEnjoy should create a tree with the correct structure","status":"passed","title":"should create a tree with the correct structure","duration":3.793937999999912,"failureMessages":[],"meta":{}},{"ancestorTitles":["Page Loader","Constants"],"fullName":"Page Loader Constants should export the correct constants","status":"passed","title":"should export the correct constants","duration":0.4805870000000141,"failureMessages":[],"meta":{}}],"startTime":1773543498165,"endTime":1773543498190.4805,"status":"passed","message":"","name":"/home/runner/work/blog7/blog7/src/__tests__/page-loader.test.ts"},{"assertionResults":[{"ancestorTitles":["Random Prompter","TreeNode"],"fullName":"Random Prompter TreeNode should create a tree node with given properties","status":"passed","title":"should create a tree node with given properties","duration":2.2796050000000605,"failureMessages":[],"meta":{}},{"ancestorTitles":["Random Prompter","TreeNode"],"fullName":"Random Prompter TreeNode should use default values when not provided","status":"passed","title":"should use default values when not provided","duration":1.054834000000028,"failureMessages":[],"meta":{}},{"ancestorTitles":["Random Prompter","breadth_first_walk"],"fullName":"Random Prompter breadth_first_walk should return empty if node is null","status":"passed","title":"should return empty if node is null","duration":0.554108000000042,"failureMessages":[],"meta":{}},{"ancestorTitles":["Random Prompter","breadth_first_walk"],"fullName":"Random Prompter breadth_first_walk should walk the tree in breadth-first order","status":"passed","title":"should walk the tree in breadth-first order","duration":0.4852130000000443,"failureMessages":[],"meta":{}},{"ancestorTitles":["Random Prompter","tree_to_plotly_data_format"],"fullName":"Random Prompter tree_to_plotly_data_format should convert tree to plotly format","status":"passed","title":"should convert tree to plotly format","duration":0.7103829999999789,"failureMessages":[],"meta":{}},{"ancestorTitles":["Random Prompter","category_to_prompts"],"fullName":"Random Prompter category_to_prompts should extract prompts from categories","status":"skipped","title":"should extract prompts from categories","failureMessages":[],"meta":{}},{"ancestorTitles":["Random Prompter","render_prompt_for_category"],"fullName":"Random Prompter render_prompt_for_category should render a prompt for a category","status":"passed","title":"should render a prompt for a category","duration":2.307717000000025,"failureMessages":[],"meta":{}},{"ancestorTitles":["Random Prompter","add_random_prompts"],"fullName":"Random Prompter add_random_prompts should add random prompts for all categories","status":"passed","title":"should add random prompts for all categories","duration":0.8094639999999345,"failureMessages":[],"meta":{}},{"ancestorTitles":["Random Prompter","add_sunburst"],"fullName":"Random Prompter add_sunburst should create a sunburst visualization","status":"passed","title":"should create a sunburst visualization","duration":1.2081460000000561,"failureMessages":[],"meta":{}},{"ancestorTitles":["Random Prompter","add_sunburst"],"fullName":"Random Prompter add_sunburst should handle missing Plotly","status":"passed","title":"should handle missing Plotly","duration":0.6952710000000479,"failureMessages":[],"meta":{}},{"ancestorTitles":["Random Prompter","add_sunburst"],"fullName":"Random Prompter add_sunburst should handle errors during plot creation","status":"passed","title":"should handle errors during plot creation","duration":0.8011000000000195,"failureMessages":[],"meta":{}},{"ancestorTitles":["Random Prompter","random_prompt_for_label"],"fullName":"Random Prompter random_prompt_for_label should find a random prompt for a label","status":"passed","title":"should find a random prompt for a label","duration":0.8798890000000483,"failureMessages":[],"meta":{}},{"ancestorTitles":["Random Prompter","category_to_prompts_text"],"fullName":"Random Prompter category_to_prompts_text should convert category elements to text with prompts","status":"passed","title":"should convert category elements to text with prompts","duration":0.6586059999999634,"failureMessages":[],"meta":{}},{"ancestorTitles":["Random Prompter","extract_tree_from_dom"],"fullName":"Random Prompter extract_tree_from_dom should extract tree structure from H2 and H3 elements","status":"passed","title":"should extract tree structure from H2 and H3 elements","duration":1.2018060000000332,"failureMessages":[],"meta":{}},{"ancestorTitles":["Random Prompter","extract_tree_from_dom"],"fullName":"Random Prompter extract_tree_from_dom should handle H2 elements with multiple H3 children","status":"passed","title":"should handle H2 elements with multiple H3 children","duration":1.11812000000009,"failureMessages":[],"meta":{}},{"ancestorTitles":["Random Prompter","extract_tree_from_dom"],"fullName":"Random Prompter extract_tree_from_dom should handle malformed DOM with no elements","status":"passed","title":"should handle malformed DOM with no elements","duration":0.44061599999997725,"failureMessages":[],"meta":{}},{"ancestorTitles":["Random Prompter","extract_tree_from_dom"],"fullName":"Random Prompter extract_tree_from_dom should use default parameters when not provided","status":"passed","title":"should use default parameters when not provided","duration":0.40076600000008966,"failureMessages":[],"meta":{}},{"ancestorTitles":["Random Prompter","extract_tree_from_dom"],"fullName":"Random Prompter extract_tree_from_dom should handle mixed content between H2 elements","status":"passed","title":"should handle mixed content between H2 elements","duration":0.7373039999999946,"failureMessages":[],"meta":{}},{"ancestorTitles":["Random Prompter","extract_tree_from_dom"],"fullName":"Random Prompter extract_tree_from_dom should use container selector when provided","status":"passed","title":"should use container selector when provided","duration":0.17127800000002935,"failureMessages":[],"meta":{}}],"startTime":1773543499588,"endTime":1773543499606.1714,"status":"passed","message":"","name":"/home/runner/work/blog7/blog7/src/__tests__/random-prompter.test.ts"},{"assertionResults":[{"ancestorTitles":["Recent Posts Module","fetchBacklinksData"],"fullName":"Recent Posts Module fetchBacklinksData should fetch and return URL info map","status":"passed","title":"should fetch and return URL info map","duration":5.8024580000000014,"failureMessages":[],"meta":{}},{"ancestorTitles":["Recent Posts Module","fetchBacklinksData"],"fullName":"Recent Posts Module fetchBacklinksData should throw error if url_info is missing","status":"passed","title":"should throw error if url_info is missing","duration":2.5253060000000005,"failureMessages":[],"meta":{}},{"ancestorTitles":["Recent Posts Module","convertToPages"],"fullName":"Recent Posts Module convertToPages should convert URL info map to array of page objects","status":"passed","title":"should convert URL info map to array of page objects","duration":2.4217490000000907,"failureMessages":[],"meta":{}},{"ancestorTitles":["Recent Posts Module","convertToPages"],"fullName":"Recent Posts Module convertToPages should handle missing properties with defaults","status":"passed","title":"should handle missing properties with defaults","duration":1.3514529999999922,"failureMessages":[],"meta":{}},{"ancestorTitles":["Recent Posts Module","filterRealPages"],"fullName":"Recent Posts Module filterRealPages should filter out pages with empty titles or descriptions","status":"passed","title":"should filter out pages with empty titles or descriptions","duration":1.9480930000000853,"failureMessages":[],"meta":{}},{"ancestorTitles":["Recent Posts Module","sortPagesByDate"],"fullName":"Recent Posts Module sortPagesByDate should sort pages by last_modified date, newest first","status":"passed","title":"should sort pages by last_modified date, newest first","duration":1.123467000000005,"failureMessages":[],"meta":{}},{"ancestorTitles":["Recent Posts Module","sortPagesByDate"],"fullName":"Recent Posts Module sortPagesByDate should fallback to doc_size if last_modified dates are missing","status":"passed","title":"should fallback to doc_size if last_modified dates are missing","duration":0.9456989999999905,"failureMessages":[],"meta":{}},{"ancestorTitles":["Recent Posts Module","sortPagesByDate"],"fullName":"Recent Posts Module sortPagesByDate should not modify the original array","status":"passed","title":"should not modify the original array","duration":0.7910550000000285,"failureMessages":[],"meta":{}},{"ancestorTitles":["Recent Posts Module","getRecentPages"],"fullName":"Recent Posts Module getRecentPages should return the specified number of pages","status":"passed","title":"should return the specified number of pages","duration":1.4157189999999673,"failureMessages":[],"meta":{}},{"ancestorTitles":["Recent Posts Module","getRecentPages"],"fullName":"Recent Posts Module getRecentPages should handle array with fewer pages than requested count","status":"passed","title":"should handle array with fewer pages than requested count","duration":0.778246000000081,"failureMessages":[],"meta":{}},{"ancestorTitles":["Recent Posts Module","generateRecentPagesHTML"],"fullName":"Recent Posts Module generateRecentPagesHTML should generate correct HTML for recent pages","status":"passed","title":"should generate correct HTML for recent pages","duration":0.9877330000000484,"failureMessages":[],"meta":{}},{"ancestorTitles":["Recent Posts Module","generateRecentPagesHTML"],"fullName":"Recent Posts Module generateRecentPagesHTML should truncate descriptions longer than 100 characters","status":"passed","title":"should truncate descriptions longer than 100 characters","duration":0.5107809999999517,"failureMessages":[],"meta":{}},{"ancestorTitles":["Recent Posts Module","generateRecentPagesHTML"],"fullName":"Recent Posts Module generateRecentPagesHTML should show message for empty pages array","status":"passed","title":"should show message for empty pages array","duration":0.3925930000000335,"failureMessages":[],"meta":{}},{"ancestorTitles":["Recent Posts Module","updateRecentPosts"],"fullName":"Recent Posts Module updateRecentPosts should update the container with recent posts HTML","status":"passed","title":"should update the container with recent posts HTML","duration":4.210652999999979,"failureMessages":[],"meta":{}},{"ancestorTitles":["Recent Posts Module","updateRecentPosts"],"fullName":"Recent Posts Module updateRecentPosts should show error message when getProcessedPages fails","status":"passed","title":"should show error message when getProcessedPages fails","duration":13.332897000000003,"failureMessages":[],"meta":{}},{"ancestorTitles":["Recent Posts Module","updateRecentPosts"],"fullName":"Recent Posts Module updateRecentPosts should do nothing if container is not found","status":"passed","title":"should do nothing if container is not found","duration":0.9985489999999118,"failureMessages":[],"meta":{}},{"ancestorTitles":["Recent Posts Module","initRecentPosts"],"fullName":"Recent Posts Module initRecentPosts should call updateRecentPosts immediately if document is loaded","status":"passed","title":"should call updateRecentPosts immediately if document is loaded","duration":2.8114289999999755,"failureMessages":[],"meta":{}},{"ancestorTitles":["Recent Posts Module","initRecentPosts"],"fullName":"Recent Posts Module initRecentPosts should add event listener if document is still loading","status":"passed","title":"should add event listener if document is still loading","duration":1.8065599999999904,"failureMessages":[],"meta":{}}],"startTime":1773543497312,"endTime":1773543497357.8066,"status":"passed","message":"","name":"/home/runner/work/blog7/blog7/src/__tests__/recent-posts.test.ts"},{"assertionResults":[{"ancestorTitles":["Recent Module","groupPagesByMonthYear"],"fullName":"Recent Module groupPagesByMonthYear should group pages by month and year","status":"passed","title":"should group pages by month and year","duration":5.004522999999949,"failureMessages":[],"meta":{}},{"ancestorTitles":["Recent Module","groupPagesByMonthYear"],"fullName":"Recent Module groupPagesByMonthYear should handle empty arrays","status":"passed","title":"should handle empty arrays","duration":1.3418379999999388,"failureMessages":[],"meta":{}},{"ancestorTitles":["Recent Module","groupPagesByMonthYear"],"fullName":"Recent Module groupPagesByMonthYear should skip pages without last_modified dates","status":"passed","title":"should skip pages without last_modified dates","duration":0.8860089999999445,"failureMessages":[],"meta":{}},{"ancestorTitles":["Recent Module","generateGroupedPagesHTML"],"fullName":"Recent Module generateGroupedPagesHTML should generate correct HTML for grouped pages","status":"passed","title":"should generate correct HTML for grouped pages","duration":0.9730200000000195,"failureMessages":[],"meta":{}},{"ancestorTitles":["Recent Module","generateGroupedPagesHTML"],"fullName":"Recent Module generateGroupedPagesHTML should format dates in the expected format","status":"passed","title":"should format dates in the expected format","duration":0.8743109999999206,"failureMessages":[],"meta":{}},{"ancestorTitles":["Recent Module","generateGroupedPagesHTML"],"fullName":"Recent Module generateGroupedPagesHTML should truncate descriptions longer than 150 characters","status":"passed","title":"should truncate descriptions longer than 150 characters","duration":0.9831760000000713,"failureMessages":[],"meta":{}},{"ancestorTitles":["Recent Module","createToggleSection"],"fullName":"Recent Module createToggleSection should create toggle section with correct content","status":"passed","title":"should create toggle section with correct content","duration":1.2135429999999587,"failureMessages":[],"meta":{}},{"ancestorTitles":["Recent Module","generateStyles"],"fullName":"Recent Module generateStyles should generate CSS styles as a string","status":"passed","title":"should generate CSS styles as a string","duration":0.9363650000000234,"failureMessages":[],"meta":{}},{"ancestorTitles":["Recent Module","setupToggleEventListener"],"fullName":"Recent Module setupToggleEventListener should add click event listener to toggle element","status":"passed","title":"should add click event listener to toggle element","duration":5.020986999999991,"failureMessages":[],"meta":{}},{"ancestorTitles":["Recent Module","setupToggleEventListener"],"fullName":"Recent Module setupToggleEventListener should handle missing toggle element","status":"passed","title":"should handle missing toggle element","duration":3.0010350000000017,"failureMessages":[],"meta":{}},{"ancestorTitles":["Recent Module","setupToggleEventListener"],"fullName":"Recent Module setupToggleEventListener should toggle content visibility when clicked","status":"passed","title":"should toggle content visibility when clicked","duration":7.605783000000088,"failureMessages":[],"meta":{}},{"ancestorTitles":["Recent Module","generateRecentPostsHTML"],"fullName":"Recent Module generateRecentPostsHTML should generate complete HTML for posts display","status":"passed","title":"should generate complete HTML for posts display","duration":1.2616759999999658,"failureMessages":[],"meta":{}},{"ancestorTitles":["Recent Module","generateRecentPostsHTML"],"fullName":"Recent Module generateRecentPostsHTML should return message when no pages are provided","status":"passed","title":"should return message when no pages are provided","duration":0.7010789999999361,"failureMessages":[],"meta":{}},{"ancestorTitles":["Recent Module","generateRecentPostsHTML"],"fullName":"Recent Module generateRecentPostsHTML should use default initialPostsCount of 15","status":"passed","title":"should use default initialPostsCount of 15","duration":1.0259110000000646,"failureMessages":[],"meta":{}},{"ancestorTitles":["Recent Module","updateRecentPosts"],"fullName":"Recent Module updateRecentPosts should update container with posts HTML","status":"passed","title":"should update container with posts HTML","duration":5.460451000000035,"failureMessages":[],"meta":{}},{"ancestorTitles":["Recent Module","updateRecentPosts"],"fullName":"Recent Module updateRecentPosts should handle empty results","status":"passed","title":"should handle empty results","duration":1.2134540000000698,"failureMessages":[],"meta":{}},{"ancestorTitles":["Recent Module","updateRecentPosts"],"fullName":"Recent Module updateRecentPosts should handle errors","status":"passed","title":"should handle errors","duration":10.772407999999928,"failureMessages":[],"meta":{}},{"ancestorTitles":["Recent Module","updateRecentPosts"],"fullName":"Recent Module updateRecentPosts should do nothing if container is not found","status":"passed","title":"should do nothing if container is not found","duration":1.2336440000000266,"failureMessages":[],"meta":{}},{"ancestorTitles":["Recent Module","initRecentAllPosts"],"fullName":"Recent Module initRecentAllPosts should call updateRecentPosts immediately if document is already loaded","status":"passed","title":"should call updateRecentPosts immediately if document is already loaded","duration":2.382681000000048,"failureMessages":[],"meta":{}},{"ancestorTitles":["Recent Module","initRecentAllPosts"],"fullName":"Recent Module initRecentAllPosts should add event listener if document is still loading","status":"passed","title":"should add event listener if document is still loading","duration":1.2046000000000276,"failureMessages":[],"meta":{}}],"startTime":1773543496539,"endTime":1773543496599.2046,"status":"passed","message":"","name":"/home/runner/work/blog7/blog7/src/__tests__/recent.test.ts"},{"assertionResults":[{"ancestorTitles":["Search Module","getParameterByName"],"fullName":"Search Module getParameterByName should extract a parameter from a URL","status":"passed","title":"should extract a parameter from a URL","duration":2.4219399999999496,"failureMessages":[],"meta":{}},{"ancestorTitles":["Search Module","getParameterByName"],"fullName":"Search Module getParameterByName should return null when parameter doesn't exist","status":"passed","title":"should return null when parameter doesn't exist","duration":0.6654750000000149,"failureMessages":[],"meta":{}},{"ancestorTitles":["Search Module","getParameterByName"],"fullName":"Search Module getParameterByName should return empty string when parameter has no value","status":"passed","title":"should return empty string when parameter has no value","duration":0.615289999999959,"failureMessages":[],"meta":{}},{"ancestorTitles":["Search Module","getParameterByName"],"fullName":"Search Module getParameterByName should handle URL encoded values","status":"passed","title":"should handle URL encoded values","duration":0.7266479999999547,"failureMessages":[],"meta":{}},{"ancestorTitles":["Search Module","getParameterByName"],"fullName":"Search Module getParameterByName should use window.location.href when no URL is provided","status":"passed","title":"should use window.location.href when no URL is provided","duration":0.5741779999999608,"failureMessages":[],"meta":{}},{"ancestorTitles":["Search Module","InstantSearchHitTemplate"],"fullName":"Search Module InstantSearchHitTemplate should generate HTML for a hit with title and content","status":"passed","title":"should generate HTML for a hit with title and content","duration":1.8590699999999742,"failureMessages":[],"meta":{}},{"ancestorTitles":["Search Module","InstantSearchHitTemplate"],"fullName":"Search Module InstantSearchHitTemplate should generate HTML for a hit with anchor","status":"passed","title":"should generate HTML for a hit with anchor","duration":0.6926970000000665,"failureMessages":[],"meta":{}},{"ancestorTitles":["Search Module","InstantSearchHitTemplate"],"fullName":"Search Module InstantSearchHitTemplate should handle hits without highlighted content","status":"passed","title":"should handle hits without highlighted content","duration":0.7229529999999613,"failureMessages":[],"meta":{}},{"ancestorTitles":["Search Module","InstantSearchHitTemplate"],"fullName":"Search Module InstantSearchHitTemplate should handle errors and return 'invalid HTML'","status":"passed","title":"should handle errors and return 'invalid HTML'","duration":3.0167790000000423,"failureMessages":[],"meta":{}},{"ancestorTitles":["Search Module","CreateSearch"],"fullName":"Search Module CreateSearch should create a search instance with the correct configuration","status":"passed","title":"should create a search instance with the correct configuration","duration":2.062926999999945,"failureMessages":[],"meta":{}},{"ancestorTitles":["Search Module","CreateAutoComplete"],"fullName":"Search Module CreateAutoComplete should create an autocomplete instance with correct configuration","status":"skipped","title":"should create an autocomplete instance with correct configuration","failureMessages":[],"meta":{}},{"ancestorTitles":["Search Module","CreateAutoComplete"],"fullName":"Search Module CreateAutoComplete should handle element not found error","status":"skipped","title":"should handle element not found error","failureMessages":[],"meta":{}},{"ancestorTitles":["Search Module","CreateAutoComplete"],"fullName":"Search Module CreateAutoComplete should handle autocompleteId with or without # prefix","status":"skipped","title":"should handle autocompleteId with or without # prefix","failureMessages":[],"meta":{}}],"startTime":1773543498207,"endTime":1773543498221.063,"status":"passed","message":"","name":"/home/runner/work/blog7/blog7/src/__tests__/search.test.ts"},{"assertionResults":[{"ancestorTitles":["Shared Utility Functions","MakeBackLinkHTML"],"fullName":"Shared Utility Functions MakeBackLinkHTML should generate correct HTML for a backlink","status":"passed","title":"should generate correct HTML for a backlink","duration":2.0508889999999838,"failureMessages":[],"meta":{}},{"ancestorTitles":["Shared Utility Functions","random_from_list"],"fullName":"Shared Utility Functions random_from_list should return an element from the list","status":"passed","title":"should return an element from the list","duration":0.9107860000000301,"failureMessages":[],"meta":{}},{"ancestorTitles":["Shared Utility Functions","random_from_list"],"fullName":"Shared Utility Functions random_from_list should return undefined for empty list","status":"passed","title":"should return undefined for empty list","duration":0.3317610000000286,"failureMessages":[],"meta":{}},{"ancestorTitles":["Shared Utility Functions","random_from_list"],"fullName":"Shared Utility Functions random_from_list should have a roughly even distribution over many calls","status":"passed","title":"should have a roughly even distribution over many calls","duration":0.6859959999999319,"failureMessages":[],"meta":{}},{"ancestorTitles":["Shared Utility Functions","shuffle"],"fullName":"Shared Utility Functions shuffle should return an array of the same length","status":"passed","title":"should return an array of the same length","duration":0.23709800000005998,"failureMessages":[],"meta":{}},{"ancestorTitles":["Shared Utility Functions","shuffle"],"fullName":"Shared Utility Functions shuffle should contain all the same elements","status":"passed","title":"should contain all the same elements","duration":0.6273780000000215,"failureMessages":[],"meta":{}},{"ancestorTitles":["Shared Utility Functions","shuffle"],"fullName":"Shared Utility Functions shuffle should change the order of elements (most of the time)","status":"passed","title":"should change the order of elements (most of the time)","duration":0.270699000000036,"failureMessages":[],"meta":{}},{"ancestorTitles":["Shared Utility Functions","append_randomizer_div"],"fullName":"Shared Utility Functions append_randomizer_div should not append anything if parent is not found","status":"passed","title":"should not append anything if parent is not found","duration":4.5528000000000475,"failureMessages":[],"meta":{}},{"ancestorTitles":["Shared Utility Functions","append_randomizer_div"],"fullName":"Shared Utility Functions append_randomizer_div should append content from the factory when parent is found","status":"passed","title":"should append content from the factory when parent is found","duration":3.187161999999944,"failureMessages":[],"meta":{}},{"ancestorTitles":["Shared Utility Functions","append_randomizer_div"],"fullName":"Shared Utility Functions append_randomizer_div should handle click events on non-link elements","status":"passed","title":"should handle click events on non-link elements","duration":1.0270220000001018,"failureMessages":[],"meta":{}},{"ancestorTitles":["Shared Utility Functions","append_randomizer_div"],"fullName":"Shared Utility Functions append_randomizer_div should not regenerate content when clicking on a link","status":"passed","title":"should not regenerate content when clicking on a link","duration":0.7128470000000107,"failureMessages":[],"meta":{}},{"ancestorTitles":["Shared Utility Functions","makeRedirectUrl"],"fullName":"Shared Utility Functions makeRedirectUrl should generate correct URL with path only","status":"passed","title":"should generate correct URL with path only","duration":0.15095800000005966,"failureMessages":[],"meta":{}},{"ancestorTitles":["Shared Utility Functions","makeRedirectUrl"],"fullName":"Shared Utility Functions makeRedirectUrl should generate correct URL with path and anchor","status":"passed","title":"should generate correct URL with path and anchor","duration":0.09053700000004028,"failureMessages":[],"meta":{}},{"ancestorTitles":["Shared Utility Functions","makeRedirectUrl"],"fullName":"Shared Utility Functions makeRedirectUrl should handle special characters in path","status":"passed","title":"should handle special characters in path","duration":0.3634390000000849,"failureMessages":[],"meta":{}},{"ancestorTitles":["Shared Utility Functions","makeRedirectUrl"],"fullName":"Shared Utility Functions makeRedirectUrl should handle empty anchor gracefully","status":"passed","title":"should handle empty anchor gracefully","duration":0.1871730000000298,"failureMessages":[],"meta":{}},{"ancestorTitles":["Shared Utility Functions","makeRedirectUrl"],"fullName":"Shared Utility Functions makeRedirectUrl should handle undefined anchor","status":"passed","title":"should handle undefined anchor","duration":0.10506899999995767,"failureMessages":[],"meta":{}}],"startTime":1773543498942,"endTime":1773543498958.105,"status":"passed","message":"","name":"/home/runner/work/blog7/blog7/src/__tests__/shared.test.ts"},{"assertionResults":[{"ancestorTitles":["Summarize Page Functionality"],"fullName":"Summarize Page Functionality should not create duplicate entries when processing summary links","status":"passed","title":"should not create duplicate entries when processing summary links","duration":1.9226659999999356,"failureMessages":[],"meta":{}},{"ancestorTitles":["Summarize Page Functionality"],"fullName":"Summarize Page Functionality should handle redirects correctly without duplication","status":"passed","title":"should handle redirects correctly without duplication","duration":1.3623289999999315,"failureMessages":[],"meta":{}},{"ancestorTitles":["Summarize Page Functionality"],"fullName":"Summarize Page Functionality should identify the root cause of duplicate related posts","status":"passed","title":"should identify the root cause of duplicate related posts","duration":0.824895999999967,"failureMessages":[],"meta":{}}],"startTime":1773543500336,"endTime":1773543500339.825,"status":"passed","message":"","name":"/home/runner/work/blog7/blog7/src/__tests__/summarize-page.test.ts"},{"assertionResults":[{"ancestorTitles":["SwapProdAndTest","isDevOrigin"],"fullName":"SwapProdAndTest isDevOrigin should return true for localhost (any port)","status":"passed","title":"should return true for localhost (any port)","duration":1.9895159999999805,"failureMessages":[],"meta":{}},{"ancestorTitles":["SwapProdAndTest","isDevOrigin"],"fullName":"SwapProdAndTest isDevOrigin should return true for 127.0.0.1","status":"passed","title":"should return true for 127.0.0.1","duration":0.4460639999999785,"failureMessages":[],"meta":{}},{"ancestorTitles":["SwapProdAndTest","isDevOrigin"],"fullName":"SwapProdAndTest isDevOrigin should return true for .ts.net (Tailscale)","status":"passed","title":"should return true for .ts.net (Tailscale)","duration":0.46374100000002727,"failureMessages":[],"meta":{}},{"ancestorTitles":["SwapProdAndTest","isDevOrigin"],"fullName":"SwapProdAndTest isDevOrigin should return true for non-standard port on unknown host","status":"passed","title":"should return true for non-standard port on unknown host","duration":0.27759900000000926,"failureMessages":[],"meta":{}},{"ancestorTitles":["SwapProdAndTest","isDevOrigin"],"fullName":"SwapProdAndTest isDevOrigin should return false for prod (no port)","status":"passed","title":"should return false for prod (no port)","duration":0.17413399999998092,"failureMessages":[],"meta":{}},{"ancestorTitles":["SwapProdAndTest","isDevOrigin"],"fullName":"SwapProdAndTest isDevOrigin should return false for standard ports on unknown hosts","status":"passed","title":"should return false for standard ports on unknown hosts","duration":0.33398399999998674,"failureMessages":[],"meta":{}},{"ancestorTitles":["SwapProdAndTest","isDevOrigin"],"fullName":"SwapProdAndTest isDevOrigin should return false for external sites","status":"passed","title":"should return false for external sites","duration":0.20464900000001762,"failureMessages":[],"meta":{}},{"ancestorTitles":["SwapProdAndTest","isDevOrigin"],"fullName":"SwapProdAndTest isDevOrigin should return false for invalid URLs","status":"passed","title":"should return false for invalid URLs","duration":0.29763900000000376,"failureMessages":[],"meta":{}},{"ancestorTitles":["SwapProdAndTest","isProduction"],"fullName":"SwapProdAndTest isProduction should return true for idvork.in","status":"passed","title":"should return true for idvork.in","duration":0.28391899999996895,"failureMessages":[],"meta":{}},{"ancestorTitles":["SwapProdAndTest","isProduction"],"fullName":"SwapProdAndTest isProduction should return false for localhost","status":"passed","title":"should return false for localhost","duration":0.1731320000000096,"failureMessages":[],"meta":{}},{"ancestorTitles":["SwapProdAndTest","isProduction"],"fullName":"SwapProdAndTest isProduction should not false-positive on idvork.in in query string","status":"passed","title":"should not false-positive on idvork.in in query string","duration":0.13609499999995478,"failureMessages":[],"meta":{}},{"ancestorTitles":["SwapProdAndTest","localhost → prod"],"fullName":"SwapProdAndTest localhost → prod should navigate to prod with clean URL","status":"passed","title":"should navigate to prod with clean URL","duration":0.20451900000000478,"failureMessages":[],"meta":{}},{"ancestorTitles":["SwapProdAndTest","localhost → prod"],"fullName":"SwapProdAndTest localhost → prod should preserve hash","status":"passed","title":"should preserve hash","duration":0.17629599999997936,"failureMessages":[],"meta":{}},{"ancestorTitles":["SwapProdAndTest","localhost → prod"],"fullName":"SwapProdAndTest localhost → prod should preserve query string","status":"passed","title":"should preserve query string","duration":0.4672760000000835,"failureMessages":[],"meta":{}},{"ancestorTitles":["SwapProdAndTest","localhost → prod"],"fullName":"SwapProdAndTest localhost → prod should save origin to localStorage","status":"passed","title":"should save origin to localStorage","duration":0.240854000000013,"failureMessages":[],"meta":{}},{"ancestorTitles":["SwapProdAndTest","Tailscale → prod"],"fullName":"SwapProdAndTest Tailscale → prod should navigate to prod with clean URL","status":"passed","title":"should navigate to prod with clean URL","duration":0.1883749999999509,"failureMessages":[],"meta":{}},{"ancestorTitles":["SwapProdAndTest","Tailscale → prod"],"fullName":"SwapProdAndTest Tailscale → prod should save Tailscale origin to localStorage","status":"passed","title":"should save Tailscale origin to localStorage","duration":0.1469520000000557,"failureMessages":[],"meta":{}},{"ancestorTitles":["SwapProdAndTest","prod → dev"],"fullName":"SwapProdAndTest prod → dev should fallback to localhost:4000 when no stored origin","status":"passed","title":"should fallback to localhost:4000 when no stored origin","duration":0.21638700000005429,"failureMessages":[],"meta":{}},{"ancestorTitles":["SwapProdAndTest","prod → dev"],"fullName":"SwapProdAndTest prod → dev should use stored localhost origin","status":"passed","title":"should use stored localhost origin","duration":0.1479739999999765,"failureMessages":[],"meta":{}},{"ancestorTitles":["SwapProdAndTest","prod → dev"],"fullName":"SwapProdAndTest prod → dev should use stored Tailscale origin","status":"passed","title":"should use stored Tailscale origin","duration":0.13142800000002808,"failureMessages":[],"meta":{}},{"ancestorTitles":["SwapProdAndTest","prod → dev"],"fullName":"SwapProdAndTest prod → dev should preserve hash","status":"passed","title":"should preserve hash","duration":0.12468799999999192,"failureMessages":[],"meta":{}},{"ancestorTitles":["SwapProdAndTest","prod → dev"],"fullName":"SwapProdAndTest prod → dev should not overwrite localStorage when reading from prod","status":"passed","title":"should not overwrite localStorage when reading from prod","duration":0.173041000000012,"failureMessages":[],"meta":{}},{"ancestorTitles":["SwapProdAndTest","saveDevOriginFromReferrer"],"fullName":"SwapProdAndTest saveDevOriginFromReferrer should save dev origin from referrer (origin-only, as browsers send)","status":"passed","title":"should save dev origin from referrer (origin-only, as browsers send)","duration":0.3017859999999928,"failureMessages":[],"meta":{}},{"ancestorTitles":["SwapProdAndTest","saveDevOriginFromReferrer"],"fullName":"SwapProdAndTest saveDevOriginFromReferrer should save Tailscale origin from referrer","status":"passed","title":"should save Tailscale origin from referrer","duration":0.16783400000008442,"failureMessages":[],"meta":{}},{"ancestorTitles":["SwapProdAndTest","saveDevOriginFromReferrer"],"fullName":"SwapProdAndTest saveDevOriginFromReferrer should NOT save prod origin from referrer","status":"passed","title":"should NOT save prod origin from referrer","duration":0.1733719999999721,"failureMessages":[],"meta":{}},{"ancestorTitles":["SwapProdAndTest","saveDevOriginFromReferrer"],"fullName":"SwapProdAndTest saveDevOriginFromReferrer should NOT save standard-port origins (google, etc.)","status":"passed","title":"should NOT save standard-port origins (google, etc.)","duration":0.1879950000000008,"failureMessages":[],"meta":{}},{"ancestorTitles":["SwapProdAndTest","saveDevOriginFromReferrer"],"fullName":"SwapProdAndTest saveDevOriginFromReferrer should do nothing when referrer is empty","status":"passed","title":"should do nothing when referrer is empty","duration":0.13137799999992694,"failureMessages":[],"meta":{}},{"ancestorTitles":["SwapProdAndTest","round-trip: dev → prod → dev"],"fullName":"SwapProdAndTest round-trip: dev → prod → dev should round-trip via localStorage + referrer","status":"passed","title":"should round-trip via localStorage + referrer","duration":0.37007900000003247,"failureMessages":[],"meta":{}}],"startTime":1773543499644,"endTime":1773543499653.37,"status":"passed","message":"","name":"/home/runner/work/blog7/blog7/src/__tests__/swap-prod-test.test.ts"},{"assertionResults":[{"ancestorTitles":["TOC Generation with header icons"],"fullName":"TOC Generation with header icons should exclude header icon elements when generating TOC text","status":"passed","title":"should exclude header icon elements when generating TOC text","duration":9.727634999999964,"failureMessages":[],"meta":{}},{"ancestorTitles":["TOC Generation with header icons"],"fullName":"TOC Generation with header icons should handle headers with nested non-icon elements correctly","status":"passed","title":"should handle headers with nested non-icon elements correctly","duration":1.445965000000001,"failureMessages":[],"meta":{}},{"ancestorTitles":["TOC Generation with header icons"],"fullName":"TOC Generation with header icons should handle headers with only text content","status":"passed","title":"should handle headers with only text content","duration":0.7078599999999824,"failureMessages":[],"meta":{}},{"ancestorTitles":["TOC Generation with header icons"],"fullName":"TOC Generation with header icons should properly escape quotes in TOC text","status":"passed","title":"should properly escape quotes in TOC text","duration":0.8501240000000507,"failureMessages":[],"meta":{}},{"ancestorTitles":["TOC Generation with header icons"],"fullName":"TOC Generation with header icons should handle empty headers gracefully","status":"passed","title":"should handle empty headers gracefully","duration":0.765777000000071,"failureMessages":[],"meta":{}}],"startTime":1773543498922,"endTime":1773543498935.7659,"status":"passed","message":"","name":"/home/runner/work/blog7/blog7/src/__tests__/toc-generation.test.ts"}]}